2025-10-15 19:42:02 [INFO]: No given device, using default device: cuda
2025-10-15 19:42:02 [WARNING]: ‼️ saving_path not given. Model files and tensorboard file will not be saved.
2025-10-15 19:42:02 [INFO]: Using customized MAE as the training loss function.
2025-10-15 19:42:02 [INFO]: Using customized MSE as the validation metric function.
2025-10-15 19:42:02 [INFO]: BRITS initialized with the given hyperparameters, the number of trainable parameters: 3,521,456
2025-10-15 19:42:20 [INFO]: Epoch 001 - training loss (MAE): 1.0089, validation MSE: 3.1586
2025-10-15 19:42:33 [INFO]: Epoch 002 - training loss (MAE): 0.7016, validation MSE: 3.0212
2025-10-15 19:42:46 [INFO]: Epoch 003 - training loss (MAE): 0.6305, validation MSE: 2.9233
2025-10-15 19:42:59 [INFO]: Epoch 004 - training loss (MAE): 0.5930, validation MSE: 2.8576
2025-10-15 19:43:12 [INFO]: Epoch 005 - training loss (MAE): 0.5676, validation MSE: 2.8024
2025-10-15 19:43:25 [INFO]: Epoch 006 - training loss (MAE): 0.5490, validation MSE: 2.7611
2025-10-15 19:43:38 [INFO]: Epoch 007 - training loss (MAE): 0.5344, validation MSE: 2.7487
2025-10-15 19:43:50 [INFO]: Epoch 008 - training loss (MAE): 0.5227, validation MSE: 2.7287
2025-10-15 19:44:02 [INFO]: Epoch 009 - training loss (MAE): 0.5131, validation MSE: 2.7137
2025-10-15 19:44:12 [INFO]: Epoch 010 - training loss (MAE): 0.5047, validation MSE: 2.7063
2025-10-15 19:44:22 [INFO]: Epoch 011 - training loss (MAE): 0.4974, validation MSE: 2.6906
2025-10-15 19:44:31 [INFO]: Epoch 012 - training loss (MAE): 0.4911, validation MSE: 2.6877
2025-10-15 19:44:41 [INFO]: Epoch 013 - training loss (MAE): 0.4852, validation MSE: 2.6720
2025-10-15 19:44:53 [INFO]: Epoch 014 - training loss (MAE): 0.4800, validation MSE: 2.6692
2025-10-15 19:45:04 [INFO]: Epoch 015 - training loss (MAE): 0.4749, validation MSE: 2.6682
2025-10-15 19:45:16 [INFO]: Epoch 016 - training loss (MAE): 0.4698, validation MSE: 2.6508
2025-10-15 19:45:47 [INFO]: Epoch 017 - training loss (MAE): 0.4667, validation MSE: 2.8265
2025-10-15 19:47:10 [INFO]: Epoch 018 - training loss (MAE): 0.4627, validation MSE: 2.8214
2025-10-15 19:48:34 [INFO]: Epoch 019 - training loss (MAE): 0.4599, validation MSE: 2.8189
2025-10-15 19:49:57 [INFO]: Epoch 020 - training loss (MAE): 0.4558, validation MSE: 2.8208
2025-10-15 19:51:20 [INFO]: Epoch 021 - training loss (MAE): 0.4524, validation MSE: 2.8201
2025-10-15 19:52:43 [INFO]: Epoch 022 - training loss (MAE): 0.4499, validation MSE: 2.8088
2025-10-15 19:54:10 [INFO]: Epoch 023 - training loss (MAE): 0.4471, validation MSE: 2.8033
2025-10-15 19:55:38 [INFO]: Epoch 024 - training loss (MAE): 0.4443, validation MSE: 2.8007
2025-10-15 19:57:05 [INFO]: Epoch 025 - training loss (MAE): 0.4437, validation MSE: 2.8038
2025-10-15 19:58:28 [INFO]: Epoch 026 - training loss (MAE): 0.4403, validation MSE: 2.7992
2025-10-15 19:59:52 [INFO]: Epoch 027 - training loss (MAE): 0.4380, validation MSE: 2.8000
2025-10-15 20:01:16 [INFO]: Epoch 028 - training loss (MAE): 0.4360, validation MSE: 2.7908
2025-10-15 20:02:40 [INFO]: Epoch 029 - training loss (MAE): 0.4354, validation MSE: 2.7971
2025-10-15 20:04:04 [INFO]: Epoch 030 - training loss (MAE): 0.4332, validation MSE: 2.7881
2025-10-15 20:05:28 [INFO]: Epoch 031 - training loss (MAE): 0.4308, validation MSE: 2.7851
2025-10-15 20:06:52 [INFO]: Epoch 032 - training loss (MAE): 0.4294, validation MSE: 2.7811
2025-10-15 20:08:14 [INFO]: Epoch 033 - training loss (MAE): 0.4281, validation MSE: 2.7796
2025-10-15 20:09:35 [INFO]: Epoch 034 - training loss (MAE): 0.4273, validation MSE: 2.7803
2025-10-15 20:10:54 [INFO]: Epoch 035 - training loss (MAE): 0.4262, validation MSE: 2.7736
2025-10-15 20:12:13 [INFO]: Epoch 036 - training loss (MAE): 0.4243, validation MSE: 2.7705
2025-10-15 20:13:31 [INFO]: Epoch 037 - training loss (MAE): 0.4232, validation MSE: 2.7680
2025-10-15 20:14:50 [INFO]: Epoch 038 - training loss (MAE): 0.4225, validation MSE: 2.7693
2025-10-15 20:16:08 [INFO]: Epoch 039 - training loss (MAE): 0.4220, validation MSE: 2.7613
2025-10-15 20:17:22 [INFO]: Epoch 040 - training loss (MAE): 0.4208, validation MSE: 2.7601
2025-10-15 20:18:39 [INFO]: Epoch 041 - training loss (MAE): 0.4192, validation MSE: 2.7559
2025-10-15 20:19:57 [INFO]: Epoch 042 - training loss (MAE): 0.4184, validation MSE: 2.7658
2025-10-15 20:21:16 [INFO]: Epoch 043 - training loss (MAE): 0.4172, validation MSE: 2.7562
2025-10-15 20:22:34 [INFO]: Epoch 044 - training loss (MAE): 0.4174, validation MSE: 2.7561
2025-10-15 20:23:53 [INFO]: Epoch 045 - training loss (MAE): 0.4155, validation MSE: 2.7594
2025-10-15 20:25:12 [INFO]: Epoch 046 - training loss (MAE): 0.4157, validation MSE: 2.7513
2025-10-15 20:26:30 [INFO]: Epoch 047 - training loss (MAE): 0.4151, validation MSE: 2.7463
2025-10-15 20:27:49 [INFO]: Epoch 048 - training loss (MAE): 0.4146, validation MSE: 2.7463
2025-10-15 20:29:07 [INFO]: Epoch 049 - training loss (MAE): 0.4135, validation MSE: 2.7519
2025-10-15 20:30:26 [INFO]: Epoch 050 - training loss (MAE): 0.4121, validation MSE: 2.7504
2025-10-15 20:31:45 [INFO]: Epoch 051 - training loss (MAE): 0.4122, validation MSE: 2.7472
2025-10-15 20:33:03 [INFO]: Epoch 052 - training loss (MAE): 0.4109, validation MSE: 2.7449
2025-10-15 20:34:22 [INFO]: Epoch 053 - training loss (MAE): 0.4104, validation MSE: 2.7448
2025-10-15 20:35:41 [INFO]: Epoch 054 - training loss (MAE): 0.4099, validation MSE: 2.7450
2025-10-15 20:36:59 [INFO]: Epoch 055 - training loss (MAE): 0.4091, validation MSE: 2.7381
2025-10-15 20:38:18 [INFO]: Epoch 056 - training loss (MAE): 0.4082, validation MSE: 2.7376
2025-10-15 20:39:36 [INFO]: Epoch 057 - training loss (MAE): 0.4084, validation MSE: 2.7315
2025-10-15 20:40:55 [INFO]: Epoch 058 - training loss (MAE): 0.4079, validation MSE: 2.7313
2025-10-15 20:42:14 [INFO]: Epoch 059 - training loss (MAE): 0.4071, validation MSE: 2.7338
2025-10-15 20:43:32 [INFO]: Epoch 060 - training loss (MAE): 0.4065, validation MSE: 2.7376
2025-10-15 20:44:51 [INFO]: Epoch 061 - training loss (MAE): 0.4058, validation MSE: 2.7328
2025-10-15 20:46:09 [INFO]: Epoch 062 - training loss (MAE): 0.4060, validation MSE: 2.7286
2025-10-15 20:47:28 [INFO]: Epoch 063 - training loss (MAE): 0.4060, validation MSE: 2.7228
2025-10-15 20:48:47 [INFO]: Epoch 064 - training loss (MAE): 0.4054, validation MSE: 2.7262
2025-10-15 20:50:05 [INFO]: Epoch 065 - training loss (MAE): 0.4045, validation MSE: 2.7229
2025-10-15 20:51:24 [INFO]: Epoch 066 - training loss (MAE): 0.4045, validation MSE: 2.7240
2025-10-15 20:52:42 [INFO]: Epoch 067 - training loss (MAE): 0.4047, validation MSE: 2.7222
2025-10-15 20:54:01 [INFO]: Epoch 068 - training loss (MAE): 0.4040, validation MSE: 2.7284
2025-10-15 20:55:20 [INFO]: Epoch 069 - training loss (MAE): 0.4027, validation MSE: 2.7252
2025-10-15 20:56:38 [INFO]: Epoch 070 - training loss (MAE): 0.4025, validation MSE: 2.7304
2025-10-15 20:57:57 [INFO]: Epoch 071 - training loss (MAE): 0.4020, validation MSE: 2.7204
2025-10-15 20:59:15 [INFO]: Epoch 072 - training loss (MAE): 0.4018, validation MSE: 2.7195
2025-10-15 21:00:34 [INFO]: Epoch 073 - training loss (MAE): 0.4023, validation MSE: 2.7159
2025-10-15 21:01:53 [INFO]: Epoch 074 - training loss (MAE): 0.4014, validation MSE: 2.7156
2025-10-15 21:03:11 [INFO]: Epoch 075 - training loss (MAE): 0.4019, validation MSE: 2.7155
2025-10-15 21:04:30 [INFO]: Epoch 076 - training loss (MAE): 0.4008, validation MSE: 2.7189
2025-10-15 21:05:49 [INFO]: Epoch 077 - training loss (MAE): 0.4014, validation MSE: 2.7051
2025-10-15 21:07:07 [INFO]: Epoch 078 - training loss (MAE): 0.4007, validation MSE: 2.7167
2025-10-15 21:08:26 [INFO]: Epoch 079 - training loss (MAE): 0.3998, validation MSE: 2.7107
2025-10-15 21:09:44 [INFO]: Epoch 080 - training loss (MAE): 0.3989, validation MSE: 2.7159
2025-10-15 21:11:03 [INFO]: Epoch 081 - training loss (MAE): 0.3999, validation MSE: 2.7146
2025-10-15 21:12:21 [INFO]: Epoch 082 - training loss (MAE): 0.4000, validation MSE: 2.7067
2025-10-15 21:13:40 [INFO]: Epoch 083 - training loss (MAE): 0.3990, validation MSE: 2.7097
2025-10-15 21:14:59 [INFO]: Epoch 084 - training loss (MAE): 0.3989, validation MSE: 2.7073
2025-10-15 21:16:17 [INFO]: Epoch 085 - training loss (MAE): 0.3988, validation MSE: 2.7033
2025-10-15 21:17:36 [INFO]: Epoch 086 - training loss (MAE): 0.3983, validation MSE: 2.7030
2025-10-15 21:18:51 [INFO]: Epoch 087 - training loss (MAE): 0.3974, validation MSE: 2.7043
2025-10-15 21:20:00 [INFO]: Epoch 088 - training loss (MAE): 0.3980, validation MSE: 2.7053
2025-10-15 21:21:14 [INFO]: Epoch 089 - training loss (MAE): 0.3978, validation MSE: 2.7007
2025-10-15 21:22:27 [INFO]: Epoch 090 - training loss (MAE): 0.3975, validation MSE: 2.7099
2025-10-15 21:23:40 [INFO]: Epoch 091 - training loss (MAE): 0.3973, validation MSE: 2.7041
2025-10-15 21:24:50 [INFO]: Epoch 092 - training loss (MAE): 0.3965, validation MSE: 2.7073
2025-10-15 21:26:03 [INFO]: Epoch 093 - training loss (MAE): 0.3959, validation MSE: 2.6995
2025-10-15 21:27:18 [INFO]: Epoch 094 - training loss (MAE): 0.3958, validation MSE: 2.7026
2025-10-15 21:28:37 [INFO]: Epoch 095 - training loss (MAE): 0.3961, validation MSE: 2.6981
2025-10-15 21:29:55 [INFO]: Epoch 096 - training loss (MAE): 0.3963, validation MSE: 2.6985
2025-10-15 21:31:14 [INFO]: Epoch 097 - training loss (MAE): 0.3969, validation MSE: 2.7048
2025-10-15 21:32:33 [INFO]: Epoch 098 - training loss (MAE): 0.3954, validation MSE: 2.7004
2025-10-15 21:33:51 [INFO]: Epoch 099 - training loss (MAE): 0.3952, validation MSE: 2.6972
2025-10-15 21:35:10 [INFO]: Epoch 100 - training loss (MAE): 0.3960, validation MSE: 2.7002
2025-10-15 21:35:10 [INFO]: Finished training. The best model is from epoch#99.
[34m
████████╗██╗███╗   ███╗███████╗    ███████╗███████╗██████╗ ██╗███████╗███████╗    █████╗ ██╗
╚══██╔══╝██║████╗ ████║██╔════╝    ██╔════╝██╔════╝██╔══██╗██║██╔════╝██╔════╝   ██╔══██╗██║
   ██║   ██║██╔████╔██║█████╗█████╗███████╗█████╗  ██████╔╝██║█████╗  ███████╗   ███████║██║
   ██║   ██║██║╚██╔╝██║██╔══╝╚════╝╚════██║██╔══╝  ██╔══██╗██║██╔══╝  ╚════██║   ██╔══██║██║
   ██║   ██║██║ ╚═╝ ██║███████╗    ███████║███████╗██║  ██║██║███████╗███████║██╗██║  ██║██║
   ╚═╝   ╚═╝╚═╝     ╚═╝╚══════╝    ╚══════╝╚══════╝╚═╝  ╚═╝╚═╝╚══════╝╚══════╝╚═╝╚═╝  ╚═╝╚═╝
ai4ts v0.0.3 - building AI for unified time-series analysis, https://time-series.ai [0m

[BRITS][val ] {'MAE': 126.30003597951675, 'RMSE': 960.1411164866306, 'cov_90': None, 'cov_95': None, 'CRPS': None, 'sharpness': None}
Traceback (most recent call last):
  File "/media/usr/SSD/heeyoon/MASDE/scripts/baseline_run.py", line 74, in <module>
    main()
  File "/media/usr/SSD/heeyoon/MASDE/scripts/baseline_run.py", line 69, in main
    print(f"[{args.baseline.UPPER()}][test]", metrics["test"])  # NOTE: Python format bug, fix below
AttributeError: 'str' object has no attribute 'UPPER'
