2025-10-15 21:35:58 [INFO]: No given device, using default device: cuda
2025-10-15 21:35:58 [WARNING]: ‼️ saving_path not given. Model files and tensorboard file will not be saved.
2025-10-15 21:35:58 [INFO]: Using customized MAE as the training loss function.
2025-10-15 21:35:58 [INFO]: Using customized MSE as the validation metric function.
2025-10-15 21:35:58 [INFO]: SAITS initialized with the given hyperparameters, the number of trainable parameters: 2,116,046
2025-10-15 21:35:59 [INFO]: Epoch 001 - training loss (MAE): 1.6668, validation MSE: 1.0636
2025-10-15 21:35:59 [INFO]: Epoch 002 - training loss (MAE): 1.1865, validation MSE: 0.7945
2025-10-15 21:36:00 [INFO]: Epoch 003 - training loss (MAE): 1.0326, validation MSE: 0.5953
2025-10-15 21:36:00 [INFO]: Epoch 004 - training loss (MAE): 0.9549, validation MSE: 0.5308
2025-10-15 21:36:00 [INFO]: Epoch 005 - training loss (MAE): 0.8801, validation MSE: 0.4244
2025-10-15 21:36:00 [INFO]: Epoch 006 - training loss (MAE): 0.8473, validation MSE: 0.3274
2025-10-15 21:36:01 [INFO]: Epoch 007 - training loss (MAE): 0.8009, validation MSE: 0.3114
2025-10-15 21:36:01 [INFO]: Epoch 008 - training loss (MAE): 0.7942, validation MSE: 0.2885
2025-10-15 21:36:01 [INFO]: Epoch 009 - training loss (MAE): 0.7608, validation MSE: 0.2582
2025-10-15 21:36:01 [INFO]: Epoch 010 - training loss (MAE): 0.7202, validation MSE: 0.2622
2025-10-15 21:36:02 [INFO]: Epoch 011 - training loss (MAE): 0.7018, validation MSE: 0.2248
2025-10-15 21:36:02 [INFO]: Epoch 012 - training loss (MAE): 0.6691, validation MSE: 0.2052
2025-10-15 21:36:02 [INFO]: Epoch 013 - training loss (MAE): 0.6648, validation MSE: 0.2031
2025-10-15 21:36:02 [INFO]: Epoch 014 - training loss (MAE): 0.6552, validation MSE: 0.1873
2025-10-15 21:36:03 [INFO]: Epoch 015 - training loss (MAE): 0.6339, validation MSE: 0.1816
2025-10-15 21:36:03 [INFO]: Epoch 016 - training loss (MAE): 0.6128, validation MSE: 0.1842
2025-10-15 21:36:03 [INFO]: Epoch 017 - training loss (MAE): 0.6066, validation MSE: 0.1847
2025-10-15 21:36:03 [INFO]: Epoch 018 - training loss (MAE): 0.5943, validation MSE: 0.1792
2025-10-15 21:36:04 [INFO]: Epoch 019 - training loss (MAE): 0.5979, validation MSE: 0.1629
2025-10-15 21:36:04 [INFO]: Epoch 020 - training loss (MAE): 0.5904, validation MSE: 0.1634
2025-10-15 21:36:04 [INFO]: Epoch 021 - training loss (MAE): 0.5773, validation MSE: 0.1547
2025-10-15 21:36:04 [INFO]: Epoch 022 - training loss (MAE): 0.5644, validation MSE: 0.1509
2025-10-15 21:36:05 [INFO]: Epoch 023 - training loss (MAE): 0.5647, validation MSE: 0.1541
2025-10-15 21:36:05 [INFO]: Epoch 024 - training loss (MAE): 0.5570, validation MSE: 0.1608
2025-10-15 21:36:05 [INFO]: Epoch 025 - training loss (MAE): 0.5603, validation MSE: 0.1401
2025-10-15 21:36:05 [INFO]: Epoch 026 - training loss (MAE): 0.5407, validation MSE: 0.1405
2025-10-15 21:36:06 [INFO]: Epoch 027 - training loss (MAE): 0.5327, validation MSE: 0.1394
2025-10-15 21:36:06 [INFO]: Epoch 028 - training loss (MAE): 0.5218, validation MSE: 0.1419
2025-10-15 21:36:06 [INFO]: Epoch 029 - training loss (MAE): 0.5236, validation MSE: 0.1392
2025-10-15 21:36:06 [INFO]: Epoch 030 - training loss (MAE): 0.5183, validation MSE: 0.1336
2025-10-15 21:36:07 [INFO]: Epoch 031 - training loss (MAE): 0.4979, validation MSE: 0.1189
2025-10-15 21:36:07 [INFO]: Epoch 032 - training loss (MAE): 0.5002, validation MSE: 0.1294
2025-10-15 21:36:07 [INFO]: Epoch 033 - training loss (MAE): 0.4904, validation MSE: 0.1335
2025-10-15 21:36:07 [INFO]: Epoch 034 - training loss (MAE): 0.4913, validation MSE: 0.1143
2025-10-15 21:36:08 [INFO]: Epoch 035 - training loss (MAE): 0.4833, validation MSE: 0.1320
2025-10-15 21:36:08 [INFO]: Epoch 036 - training loss (MAE): 0.4820, validation MSE: 0.1429
2025-10-15 21:36:08 [INFO]: Epoch 037 - training loss (MAE): 0.4929, validation MSE: 0.1368
2025-10-15 21:36:08 [INFO]: Epoch 038 - training loss (MAE): 0.4789, validation MSE: 0.1328
2025-10-15 21:36:09 [INFO]: Epoch 039 - training loss (MAE): 0.4807, validation MSE: 0.1344
2025-10-15 21:36:09 [INFO]: Epoch 040 - training loss (MAE): 0.4752, validation MSE: 0.1446
2025-10-15 21:36:09 [INFO]: Epoch 041 - training loss (MAE): 0.4719, validation MSE: 0.1222
2025-10-15 21:36:09 [INFO]: Epoch 042 - training loss (MAE): 0.4593, validation MSE: 0.1300
2025-10-15 21:36:10 [INFO]: Epoch 043 - training loss (MAE): 0.4665, validation MSE: 0.1127
2025-10-15 21:36:10 [INFO]: Epoch 044 - training loss (MAE): 0.4510, validation MSE: 0.1151
2025-10-15 21:36:10 [INFO]: Epoch 045 - training loss (MAE): 0.4562, validation MSE: 0.1121
2025-10-15 21:36:10 [INFO]: Epoch 046 - training loss (MAE): 0.4536, validation MSE: 0.1161
2025-10-15 21:36:11 [INFO]: Epoch 047 - training loss (MAE): 0.4448, validation MSE: 0.1250
2025-10-15 21:36:11 [INFO]: Epoch 048 - training loss (MAE): 0.4525, validation MSE: 0.1183
2025-10-15 21:36:11 [INFO]: Epoch 049 - training loss (MAE): 0.4425, validation MSE: 0.1111
2025-10-15 21:36:11 [INFO]: Epoch 050 - training loss (MAE): 0.4494, validation MSE: 0.1120
2025-10-15 21:36:12 [INFO]: Epoch 051 - training loss (MAE): 0.4468, validation MSE: 0.1172
2025-10-15 21:36:12 [INFO]: Epoch 052 - training loss (MAE): 0.4391, validation MSE: 0.1023
2025-10-15 21:36:12 [INFO]: Epoch 053 - training loss (MAE): 0.4291, validation MSE: 0.1132
2025-10-15 21:36:12 [INFO]: Epoch 054 - training loss (MAE): 0.4283, validation MSE: 0.1209
2025-10-15 21:36:13 [INFO]: Epoch 055 - training loss (MAE): 0.4339, validation MSE: 0.1103
2025-10-15 21:36:13 [INFO]: Epoch 056 - training loss (MAE): 0.4263, validation MSE: 0.1251
2025-10-15 21:36:13 [INFO]: Epoch 057 - training loss (MAE): 0.4214, validation MSE: 0.1272
2025-10-15 21:36:13 [INFO]: Epoch 058 - training loss (MAE): 0.4164, validation MSE: 0.1169
2025-10-15 21:36:14 [INFO]: Epoch 059 - training loss (MAE): 0.4089, validation MSE: 0.1157
2025-10-15 21:36:14 [INFO]: Epoch 060 - training loss (MAE): 0.4095, validation MSE: 0.1203
2025-10-15 21:36:14 [INFO]: Epoch 061 - training loss (MAE): 0.4008, validation MSE: 0.1261
2025-10-15 21:36:14 [INFO]: Epoch 062 - training loss (MAE): 0.4071, validation MSE: 0.1171
2025-10-15 21:36:15 [INFO]: Epoch 063 - training loss (MAE): 0.4033, validation MSE: 0.1184
2025-10-15 21:36:15 [INFO]: Epoch 064 - training loss (MAE): 0.4072, validation MSE: 0.1173
2025-10-15 21:36:15 [INFO]: Epoch 065 - training loss (MAE): 0.4043, validation MSE: 0.1217
2025-10-15 21:36:15 [INFO]: Epoch 066 - training loss (MAE): 0.4014, validation MSE: 0.1165
2025-10-15 21:36:16 [INFO]: Epoch 067 - training loss (MAE): 0.3963, validation MSE: 0.1103
2025-10-15 21:36:16 [INFO]: Epoch 068 - training loss (MAE): 0.3928, validation MSE: 0.1092
2025-10-15 21:36:16 [INFO]: Epoch 069 - training loss (MAE): 0.3958, validation MSE: 0.1065
2025-10-15 21:36:16 [INFO]: Epoch 070 - training loss (MAE): 0.3828, validation MSE: 0.1085
2025-10-15 21:36:16 [INFO]: Epoch 071 - training loss (MAE): 0.3815, validation MSE: 0.1023
2025-10-15 21:36:17 [INFO]: Epoch 072 - training loss (MAE): 0.3728, validation MSE: 0.0961
2025-10-15 21:36:17 [INFO]: Epoch 073 - training loss (MAE): 0.3705, validation MSE: 0.1064
2025-10-15 21:36:17 [INFO]: Epoch 074 - training loss (MAE): 0.3674, validation MSE: 0.1048
2025-10-15 21:36:17 [INFO]: Epoch 075 - training loss (MAE): 0.3598, validation MSE: 0.1129
2025-10-15 21:36:18 [INFO]: Epoch 076 - training loss (MAE): 0.3662, validation MSE: 0.1084
2025-10-15 21:36:18 [INFO]: Epoch 077 - training loss (MAE): 0.3550, validation MSE: 0.1068
2025-10-15 21:36:18 [INFO]: Epoch 078 - training loss (MAE): 0.3418, validation MSE: 0.1028
2025-10-15 21:36:18 [INFO]: Epoch 079 - training loss (MAE): 0.3354, validation MSE: 0.0969
2025-10-15 21:36:19 [INFO]: Epoch 080 - training loss (MAE): 0.3421, validation MSE: 0.0971
2025-10-15 21:36:19 [INFO]: Epoch 081 - training loss (MAE): 0.3362, validation MSE: 0.0956
2025-10-15 21:36:19 [INFO]: Epoch 082 - training loss (MAE): 0.3349, validation MSE: 0.0984
2025-10-15 21:36:19 [INFO]: Epoch 083 - training loss (MAE): 0.3251, validation MSE: 0.1013
2025-10-15 21:36:20 [INFO]: Epoch 084 - training loss (MAE): 0.3214, validation MSE: 0.0994
2025-10-15 21:36:20 [INFO]: Epoch 085 - training loss (MAE): 0.3217, validation MSE: 0.1053
2025-10-15 21:36:20 [INFO]: Epoch 086 - training loss (MAE): 0.3136, validation MSE: 0.0880
2025-10-15 21:36:20 [INFO]: Epoch 087 - training loss (MAE): 0.3090, validation MSE: 0.1027
2025-10-15 21:36:21 [INFO]: Epoch 088 - training loss (MAE): 0.3092, validation MSE: 0.0941
2025-10-15 21:36:21 [INFO]: Epoch 089 - training loss (MAE): 0.3057, validation MSE: 0.0901
2025-10-15 21:36:21 [INFO]: Epoch 090 - training loss (MAE): 0.3071, validation MSE: 0.0992
2025-10-15 21:36:21 [INFO]: Epoch 091 - training loss (MAE): 0.3053, validation MSE: 0.0946
2025-10-15 21:36:22 [INFO]: Epoch 092 - training loss (MAE): 0.2974, validation MSE: 0.1061
2025-10-15 21:36:22 [INFO]: Epoch 093 - training loss (MAE): 0.2907, validation MSE: 0.1064
2025-10-15 21:36:22 [INFO]: Epoch 094 - training loss (MAE): 0.2898, validation MSE: 0.0902
2025-10-15 21:36:22 [INFO]: Epoch 095 - training loss (MAE): 0.2843, validation MSE: 0.0865
2025-10-15 21:36:23 [INFO]: Epoch 096 - training loss (MAE): 0.2752, validation MSE: 0.0822
2025-10-15 21:36:23 [INFO]: Epoch 097 - training loss (MAE): 0.2818, validation MSE: 0.0900
2025-10-15 21:36:23 [INFO]: Epoch 098 - training loss (MAE): 0.2768, validation MSE: 0.0847
2025-10-15 21:36:23 [INFO]: Epoch 099 - training loss (MAE): 0.2786, validation MSE: 0.0961
2025-10-15 21:36:24 [INFO]: Epoch 100 - training loss (MAE): 0.2743, validation MSE: 0.0921
2025-10-15 21:36:24 [INFO]: Finished training. The best model is from epoch#96.
[34m
████████╗██╗███╗   ███╗███████╗    ███████╗███████╗██████╗ ██╗███████╗███████╗    █████╗ ██╗
╚══██╔══╝██║████╗ ████║██╔════╝    ██╔════╝██╔════╝██╔══██╗██║██╔════╝██╔════╝   ██╔══██╗██║
   ██║   ██║██╔████╔██║█████╗█████╗███████╗█████╗  ██████╔╝██║█████╗  ███████╗   ███████║██║
   ██║   ██║██║╚██╔╝██║██╔══╝╚════╝╚════██║██╔══╝  ██╔══██╗██║██╔══╝  ╚════██║   ██╔══██║██║
   ██║   ██║██║ ╚═╝ ██║███████╗    ███████║███████╗██║  ██║██║███████╗███████║██╗██║  ██║██║
   ╚═╝   ╚═╝╚═╝     ╚═╝╚══════╝    ╚══════╝╚══════╝╚═╝  ╚═╝╚═╝╚══════╝╚══════╝╚═╝╚═╝  ╚═╝╚═╝
ai4ts v0.0.3 - building AI for unified time-series analysis, https://time-series.ai [0m

[SAITS][val ] {'MAE': 0.6603384390244446, 'RMSE': 1.2892063552206465, 'cov_90': None, 'cov_95': None, 'CRPS': None, 'sharpness': None}
Traceback (most recent call last):
  File "/media/usr/SSD/heeyoon/MASDE/scripts/baseline_run.py", line 74, in <module>
    main()
  File "/media/usr/SSD/heeyoon/MASDE/scripts/baseline_run.py", line 69, in main
    print(f"[{args.baseline.UPPER()}][test]", metrics["test"])  # NOTE: Python format bug, fix below
AttributeError: 'str' object has no attribute 'UPPER'
