2025-10-15 21:58:03 [INFO]: No given device, using default device: cuda
2025-10-15 21:58:03 [WARNING]: ‼️ saving_path not given. Model files and tensorboard file will not be saved.
2025-10-15 21:58:03 [INFO]: Using customized MAE as the training loss function.
2025-10-15 21:58:03 [INFO]: Using customized MSE as the validation metric function.
2025-10-15 21:58:03 [INFO]: BRITS initialized with the given hyperparameters, the number of trainable parameters: 596,912
2025-10-15 21:58:10 [INFO]: Epoch 001 - training loss (MAE): 1.3399, validation MSE: 2.1315
2025-10-15 21:58:17 [INFO]: Epoch 002 - training loss (MAE): 1.3006, validation MSE: 2.0923
2025-10-15 21:58:23 [INFO]: Epoch 003 - training loss (MAE): 1.2746, validation MSE: 2.0489
2025-10-15 21:58:29 [INFO]: Epoch 004 - training loss (MAE): 1.2350, validation MSE: 2.0009
2025-10-15 21:58:36 [INFO]: Epoch 005 - training loss (MAE): 1.2084, validation MSE: 1.9504
2025-10-15 21:58:42 [INFO]: Epoch 006 - training loss (MAE): 1.1886, validation MSE: 1.8927
2025-10-15 21:58:48 [INFO]: Epoch 007 - training loss (MAE): 1.1542, validation MSE: 1.8232
2025-10-15 21:58:55 [INFO]: Epoch 008 - training loss (MAE): 1.1246, validation MSE: 1.7468
2025-10-15 21:59:01 [INFO]: Epoch 009 - training loss (MAE): 1.0993, validation MSE: 1.6674
2025-10-15 21:59:07 [INFO]: Epoch 010 - training loss (MAE): 1.0759, validation MSE: 1.5956
2025-10-15 21:59:14 [INFO]: Epoch 011 - training loss (MAE): 1.0514, validation MSE: 1.5424
2025-10-15 21:59:20 [INFO]: Epoch 012 - training loss (MAE): 1.0319, validation MSE: 1.4992
2025-10-15 21:59:26 [INFO]: Epoch 013 - training loss (MAE): 1.0007, validation MSE: 1.4534
2025-10-15 21:59:33 [INFO]: Epoch 014 - training loss (MAE): 0.9779, validation MSE: 1.4102
2025-10-15 21:59:39 [INFO]: Epoch 015 - training loss (MAE): 0.9697, validation MSE: 1.3649
2025-10-15 21:59:45 [INFO]: Epoch 016 - training loss (MAE): 0.9399, validation MSE: 1.3172
2025-10-15 21:59:52 [INFO]: Epoch 017 - training loss (MAE): 0.9195, validation MSE: 1.2669
2025-10-15 21:59:58 [INFO]: Epoch 018 - training loss (MAE): 0.8989, validation MSE: 1.2198
2025-10-15 22:00:04 [INFO]: Epoch 019 - training loss (MAE): 0.8814, validation MSE: 1.1754
2025-10-15 22:00:10 [INFO]: Epoch 020 - training loss (MAE): 0.8650, validation MSE: 1.1246
2025-10-15 22:00:17 [INFO]: Epoch 021 - training loss (MAE): 0.8400, validation MSE: 1.0645
2025-10-15 22:00:23 [INFO]: Epoch 022 - training loss (MAE): 0.8306, validation MSE: 1.0102
2025-10-15 22:00:29 [INFO]: Epoch 023 - training loss (MAE): 0.8183, validation MSE: 0.9526
2025-10-15 22:00:36 [INFO]: Epoch 024 - training loss (MAE): 0.7970, validation MSE: 0.9041
2025-10-15 22:00:42 [INFO]: Epoch 025 - training loss (MAE): 0.7870, validation MSE: 0.8613
2025-10-15 22:00:48 [INFO]: Epoch 026 - training loss (MAE): 0.7702, validation MSE: 0.8212
2025-10-15 22:00:55 [INFO]: Epoch 027 - training loss (MAE): 0.7646, validation MSE: 0.7872
2025-10-15 22:01:01 [INFO]: Epoch 028 - training loss (MAE): 0.7517, validation MSE: 0.7509
2025-10-15 22:01:07 [INFO]: Epoch 029 - training loss (MAE): 0.7406, validation MSE: 0.7171
2025-10-15 22:01:14 [INFO]: Epoch 030 - training loss (MAE): 0.7291, validation MSE: 0.6851
2025-10-15 22:01:20 [INFO]: Epoch 031 - training loss (MAE): 0.7205, validation MSE: 0.6604
2025-10-15 22:01:26 [INFO]: Epoch 032 - training loss (MAE): 0.7100, validation MSE: 0.6378
2025-10-15 22:01:33 [INFO]: Epoch 033 - training loss (MAE): 0.7053, validation MSE: 0.6244
2025-10-15 22:01:39 [INFO]: Epoch 034 - training loss (MAE): 0.6986, validation MSE: 0.6096
2025-10-15 22:01:45 [INFO]: Epoch 035 - training loss (MAE): 0.6863, validation MSE: 0.5961
2025-10-15 22:01:51 [INFO]: Epoch 036 - training loss (MAE): 0.6837, validation MSE: 0.5858
2025-10-15 22:01:58 [INFO]: Epoch 037 - training loss (MAE): 0.6742, validation MSE: 0.5722
2025-10-15 22:02:04 [INFO]: Epoch 038 - training loss (MAE): 0.6711, validation MSE: 0.5634
2025-10-15 22:02:10 [INFO]: Epoch 039 - training loss (MAE): 0.6611, validation MSE: 0.5512
2025-10-15 22:02:17 [INFO]: Epoch 040 - training loss (MAE): 0.6560, validation MSE: 0.5458
2025-10-15 22:02:23 [INFO]: Epoch 041 - training loss (MAE): 0.6468, validation MSE: 0.5340
2025-10-15 22:02:29 [INFO]: Epoch 042 - training loss (MAE): 0.6438, validation MSE: 0.5278
2025-10-15 22:02:36 [INFO]: Epoch 043 - training loss (MAE): 0.6352, validation MSE: 0.5254
2025-10-15 22:02:42 [INFO]: Epoch 044 - training loss (MAE): 0.6361, validation MSE: 0.5186
2025-10-15 22:02:48 [INFO]: Epoch 045 - training loss (MAE): 0.6303, validation MSE: 0.5170
2025-10-15 22:02:55 [INFO]: Epoch 046 - training loss (MAE): 0.6227, validation MSE: 0.5135
2025-10-15 22:03:01 [INFO]: Epoch 047 - training loss (MAE): 0.6169, validation MSE: 0.5062
2025-10-15 22:03:07 [INFO]: Epoch 048 - training loss (MAE): 0.6162, validation MSE: 0.4969
2025-10-15 22:03:13 [INFO]: Epoch 049 - training loss (MAE): 0.6075, validation MSE: 0.4963
2025-10-15 22:03:20 [INFO]: Epoch 050 - training loss (MAE): 0.6067, validation MSE: 0.4887
2025-10-15 22:03:26 [INFO]: Epoch 051 - training loss (MAE): 0.6009, validation MSE: 0.4894
2025-10-15 22:03:32 [INFO]: Epoch 052 - training loss (MAE): 0.5978, validation MSE: 0.4807
2025-10-15 22:03:39 [INFO]: Epoch 053 - training loss (MAE): 0.5953, validation MSE: 0.4783
2025-10-15 22:03:45 [INFO]: Epoch 054 - training loss (MAE): 0.5880, validation MSE: 0.4788
2025-10-15 22:03:51 [INFO]: Epoch 055 - training loss (MAE): 0.5835, validation MSE: 0.4701
2025-10-15 22:03:58 [INFO]: Epoch 056 - training loss (MAE): 0.5814, validation MSE: 0.4657
2025-10-15 22:04:04 [INFO]: Epoch 057 - training loss (MAE): 0.5762, validation MSE: 0.4636
2025-10-15 22:04:10 [INFO]: Epoch 058 - training loss (MAE): 0.5747, validation MSE: 0.4605
2025-10-15 22:04:17 [INFO]: Epoch 059 - training loss (MAE): 0.5683, validation MSE: 0.4646
2025-10-15 22:04:23 [INFO]: Epoch 060 - training loss (MAE): 0.5682, validation MSE: 0.4540
2025-10-15 22:04:29 [INFO]: Epoch 061 - training loss (MAE): 0.5614, validation MSE: 0.4483
2025-10-15 22:04:35 [INFO]: Epoch 062 - training loss (MAE): 0.5606, validation MSE: 0.4477
2025-10-15 22:04:42 [INFO]: Epoch 063 - training loss (MAE): 0.5582, validation MSE: 0.4442
2025-10-15 22:04:48 [INFO]: Epoch 064 - training loss (MAE): 0.5546, validation MSE: 0.4449
2025-10-15 22:04:54 [INFO]: Epoch 065 - training loss (MAE): 0.5475, validation MSE: 0.4395
2025-10-15 22:05:01 [INFO]: Epoch 066 - training loss (MAE): 0.5434, validation MSE: 0.4367
2025-10-15 22:05:07 [INFO]: Epoch 067 - training loss (MAE): 0.5465, validation MSE: 0.4306
2025-10-15 22:05:13 [INFO]: Epoch 068 - training loss (MAE): 0.5382, validation MSE: 0.4355
2025-10-15 22:05:20 [INFO]: Epoch 069 - training loss (MAE): 0.5361, validation MSE: 0.4271
2025-10-15 22:05:26 [INFO]: Epoch 070 - training loss (MAE): 0.5319, validation MSE: 0.4266
2025-10-15 22:05:32 [INFO]: Epoch 071 - training loss (MAE): 0.5328, validation MSE: 0.4249
2025-10-15 22:05:39 [INFO]: Epoch 072 - training loss (MAE): 0.5291, validation MSE: 0.4210
2025-10-15 22:05:45 [INFO]: Epoch 073 - training loss (MAE): 0.5247, validation MSE: 0.4228
2025-10-15 22:05:51 [INFO]: Epoch 074 - training loss (MAE): 0.5239, validation MSE: 0.4158
2025-10-15 22:05:58 [INFO]: Epoch 075 - training loss (MAE): 0.5184, validation MSE: 0.4175
2025-10-15 22:06:04 [INFO]: Epoch 076 - training loss (MAE): 0.5171, validation MSE: 0.4120
2025-10-15 22:06:10 [INFO]: Epoch 077 - training loss (MAE): 0.5148, validation MSE: 0.4103
2025-10-15 22:06:16 [INFO]: Epoch 078 - training loss (MAE): 0.5102, validation MSE: 0.4141
2025-10-15 22:06:23 [INFO]: Epoch 079 - training loss (MAE): 0.5098, validation MSE: 0.4088
2025-10-15 22:06:29 [INFO]: Epoch 080 - training loss (MAE): 0.5056, validation MSE: 0.4082
2025-10-15 22:06:35 [INFO]: Epoch 081 - training loss (MAE): 0.5042, validation MSE: 0.4039
2025-10-15 22:06:42 [INFO]: Epoch 082 - training loss (MAE): 0.5011, validation MSE: 0.4028
2025-10-15 22:06:48 [INFO]: Epoch 083 - training loss (MAE): 0.4982, validation MSE: 0.4030
2025-10-15 22:06:54 [INFO]: Epoch 084 - training loss (MAE): 0.4938, validation MSE: 0.4016
2025-10-15 22:07:01 [INFO]: Epoch 085 - training loss (MAE): 0.4928, validation MSE: 0.4001
2025-10-15 22:07:07 [INFO]: Epoch 086 - training loss (MAE): 0.4934, validation MSE: 0.3958
2025-10-15 22:07:13 [INFO]: Epoch 087 - training loss (MAE): 0.4897, validation MSE: 0.3993
2025-10-15 22:07:20 [INFO]: Epoch 088 - training loss (MAE): 0.4885, validation MSE: 0.3925
2025-10-15 22:07:26 [INFO]: Epoch 089 - training loss (MAE): 0.4852, validation MSE: 0.3934
2025-10-15 22:07:32 [INFO]: Epoch 090 - training loss (MAE): 0.4820, validation MSE: 0.3905
2025-10-15 22:07:38 [INFO]: Epoch 091 - training loss (MAE): 0.4787, validation MSE: 0.3889
2025-10-15 22:07:45 [INFO]: Epoch 092 - training loss (MAE): 0.4824, validation MSE: 0.3899
2025-10-15 22:07:51 [INFO]: Epoch 093 - training loss (MAE): 0.4778, validation MSE: 0.3853
2025-10-15 22:07:57 [INFO]: Epoch 094 - training loss (MAE): 0.4722, validation MSE: 0.3839
2025-10-15 22:08:04 [INFO]: Epoch 095 - training loss (MAE): 0.4731, validation MSE: 0.3841
2025-10-15 22:08:10 [INFO]: Epoch 096 - training loss (MAE): 0.4722, validation MSE: 0.3821
2025-10-15 22:08:16 [INFO]: Epoch 097 - training loss (MAE): 0.4660, validation MSE: 0.3822
2025-10-15 22:08:23 [INFO]: Epoch 098 - training loss (MAE): 0.4666, validation MSE: 0.3781
2025-10-15 22:08:29 [INFO]: Epoch 099 - training loss (MAE): 0.4653, validation MSE: 0.3782
2025-10-15 22:08:35 [INFO]: Epoch 100 - training loss (MAE): 0.4622, validation MSE: 0.3773
2025-10-15 22:08:35 [INFO]: Finished training. The best model is from epoch#100.
[34m
████████╗██╗███╗   ███╗███████╗    ███████╗███████╗██████╗ ██╗███████╗███████╗    █████╗ ██╗
╚══██╔══╝██║████╗ ████║██╔════╝    ██╔════╝██╔════╝██╔══██╗██║██╔════╝██╔════╝   ██╔══██╗██║
   ██║   ██║██╔████╔██║█████╗█████╗███████╗█████╗  ██████╔╝██║█████╗  ███████╗   ███████║██║
   ██║   ██║██║╚██╔╝██║██╔══╝╚════╝╚════██║██╔══╝  ██╔══██╗██║██╔══╝  ╚════██║   ██╔══██║██║
   ██║   ██║██║ ╚═╝ ██║███████╗    ███████║███████╗██║  ██║██║███████╗███████║██╗██║  ██║██║
   ╚═╝   ╚═╝╚═╝     ╚═╝╚══════╝    ╚══════╝╚══════╝╚═╝  ╚═╝╚═╝╚══════╝╚══════╝╚═╝╚═╝  ╚═╝╚═╝
ai4ts v0.0.3 - building AI for unified time-series analysis, https://time-series.ai [0m

[BRITS][val ] {'MAE': 81.92318857113295, 'RMSE': 149.11899872642826, 'cov_90': None, 'cov_95': None, 'CRPS': None, 'sharpness': None}
Traceback (most recent call last):
  File "/media/usr/SSD/heeyoon/MASDE/scripts/baseline_run.py", line 74, in <module>
    main()
  File "/media/usr/SSD/heeyoon/MASDE/scripts/baseline_run.py", line 69, in main
    print(f"[{args.baseline.UPPER()}][test]", metrics["test"])  # NOTE: Python format bug, fix below
AttributeError: 'str' object has no attribute 'UPPER'
