2025-10-15 21:57:46 [INFO]: No given device, using default device: cuda
2025-10-15 21:57:46 [WARNING]: ‼️ saving_path not given. Model files and tensorboard file will not be saved.
2025-10-15 21:57:46 [INFO]: Using customized MAE as the training loss function.
2025-10-15 21:57:46 [INFO]: Using customized MSE as the validation metric function.
2025-10-15 21:57:46 [INFO]: SAITS initialized with the given hyperparameters, the number of trainable parameters: 2,125,814
2025-10-15 21:57:47 [INFO]: Epoch 001 - training loss (MAE): 1.5834, validation MSE: 2.0971
2025-10-15 21:57:47 [INFO]: Epoch 002 - training loss (MAE): 1.3190, validation MSE: 1.8451
2025-10-15 21:57:48 [INFO]: Epoch 003 - training loss (MAE): 1.1381, validation MSE: 1.7495
2025-10-15 21:57:48 [INFO]: Epoch 004 - training loss (MAE): 1.0523, validation MSE: 1.5872
2025-10-15 21:57:48 [INFO]: Epoch 005 - training loss (MAE): 0.9439, validation MSE: 1.3660
2025-10-15 21:57:48 [INFO]: Epoch 006 - training loss (MAE): 0.8872, validation MSE: 1.2404
2025-10-15 21:57:48 [INFO]: Epoch 007 - training loss (MAE): 0.8484, validation MSE: 1.1858
2025-10-15 21:57:48 [INFO]: Epoch 008 - training loss (MAE): 0.7715, validation MSE: 1.1454
2025-10-15 21:57:48 [INFO]: Epoch 009 - training loss (MAE): 0.7506, validation MSE: 1.0753
2025-10-15 21:57:48 [INFO]: Epoch 010 - training loss (MAE): 0.7301, validation MSE: 1.0121
2025-10-15 21:57:49 [INFO]: Epoch 011 - training loss (MAE): 0.7087, validation MSE: 0.9751
2025-10-15 21:57:49 [INFO]: Epoch 012 - training loss (MAE): 0.6723, validation MSE: 0.9235
2025-10-15 21:57:49 [INFO]: Epoch 013 - training loss (MAE): 0.6607, validation MSE: 0.8860
2025-10-15 21:57:49 [INFO]: Epoch 014 - training loss (MAE): 0.6464, validation MSE: 0.8551
2025-10-15 21:57:49 [INFO]: Epoch 015 - training loss (MAE): 0.6283, validation MSE: 0.8176
2025-10-15 21:57:49 [INFO]: Epoch 016 - training loss (MAE): 0.6119, validation MSE: 0.7714
2025-10-15 21:57:49 [INFO]: Epoch 017 - training loss (MAE): 0.6010, validation MSE: 0.7759
2025-10-15 21:57:49 [INFO]: Epoch 018 - training loss (MAE): 0.5888, validation MSE: 0.7402
2025-10-15 21:57:49 [INFO]: Epoch 019 - training loss (MAE): 0.5746, validation MSE: 0.7226
2025-10-15 21:57:50 [INFO]: Epoch 020 - training loss (MAE): 0.5647, validation MSE: 0.6695
2025-10-15 21:57:50 [INFO]: Epoch 021 - training loss (MAE): 0.5565, validation MSE: 0.6485
2025-10-15 21:57:50 [INFO]: Epoch 022 - training loss (MAE): 0.5404, validation MSE: 0.6074
2025-10-15 21:57:50 [INFO]: Epoch 023 - training loss (MAE): 0.5286, validation MSE: 0.5791
2025-10-15 21:57:50 [INFO]: Epoch 024 - training loss (MAE): 0.5218, validation MSE: 0.5564
2025-10-15 21:57:50 [INFO]: Epoch 025 - training loss (MAE): 0.5137, validation MSE: 0.5226
2025-10-15 21:57:50 [INFO]: Epoch 026 - training loss (MAE): 0.5054, validation MSE: 0.4930
2025-10-15 21:57:50 [INFO]: Epoch 027 - training loss (MAE): 0.4974, validation MSE: 0.4795
2025-10-15 21:57:50 [INFO]: Epoch 028 - training loss (MAE): 0.4796, validation MSE: 0.4474
2025-10-15 21:57:51 [INFO]: Epoch 029 - training loss (MAE): 0.4713, validation MSE: 0.4239
2025-10-15 21:57:51 [INFO]: Epoch 030 - training loss (MAE): 0.4596, validation MSE: 0.4023
2025-10-15 21:57:51 [INFO]: Epoch 031 - training loss (MAE): 0.4531, validation MSE: 0.3847
2025-10-15 21:57:51 [INFO]: Epoch 032 - training loss (MAE): 0.4491, validation MSE: 0.3716
2025-10-15 21:57:51 [INFO]: Epoch 033 - training loss (MAE): 0.4427, validation MSE: 0.3547
2025-10-15 21:57:51 [INFO]: Epoch 034 - training loss (MAE): 0.4346, validation MSE: 0.3228
2025-10-15 21:57:51 [INFO]: Epoch 035 - training loss (MAE): 0.4265, validation MSE: 0.3351
2025-10-15 21:57:51 [INFO]: Epoch 036 - training loss (MAE): 0.4198, validation MSE: 0.3016
2025-10-15 21:57:51 [INFO]: Epoch 037 - training loss (MAE): 0.4078, validation MSE: 0.2990
2025-10-15 21:57:52 [INFO]: Epoch 038 - training loss (MAE): 0.4038, validation MSE: 0.2943
2025-10-15 21:57:52 [INFO]: Epoch 039 - training loss (MAE): 0.3994, validation MSE: 0.2805
2025-10-15 21:57:52 [INFO]: Epoch 040 - training loss (MAE): 0.3888, validation MSE: 0.2787
2025-10-15 21:57:52 [INFO]: Epoch 041 - training loss (MAE): 0.3792, validation MSE: 0.2631
2025-10-15 21:57:52 [INFO]: Epoch 042 - training loss (MAE): 0.3786, validation MSE: 0.2641
2025-10-15 21:57:52 [INFO]: Epoch 043 - training loss (MAE): 0.3682, validation MSE: 0.2490
2025-10-15 21:57:52 [INFO]: Epoch 044 - training loss (MAE): 0.3732, validation MSE: 0.2513
2025-10-15 21:57:52 [INFO]: Epoch 045 - training loss (MAE): 0.3675, validation MSE: 0.2381
2025-10-15 21:57:53 [INFO]: Epoch 046 - training loss (MAE): 0.3677, validation MSE: 0.2432
2025-10-15 21:57:53 [INFO]: Epoch 047 - training loss (MAE): 0.3593, validation MSE: 0.2442
2025-10-15 21:57:53 [INFO]: Epoch 048 - training loss (MAE): 0.3614, validation MSE: 0.2346
2025-10-15 21:57:53 [INFO]: Epoch 049 - training loss (MAE): 0.3534, validation MSE: 0.2304
2025-10-15 21:57:53 [INFO]: Epoch 050 - training loss (MAE): 0.3506, validation MSE: 0.2457
2025-10-15 21:57:53 [INFO]: Epoch 051 - training loss (MAE): 0.3503, validation MSE: 0.2235
2025-10-15 21:57:53 [INFO]: Epoch 052 - training loss (MAE): 0.3462, validation MSE: 0.2232
2025-10-15 21:57:53 [INFO]: Epoch 053 - training loss (MAE): 0.3430, validation MSE: 0.2402
2025-10-15 21:57:53 [INFO]: Epoch 054 - training loss (MAE): 0.3351, validation MSE: 0.2257
2025-10-15 21:57:54 [INFO]: Epoch 055 - training loss (MAE): 0.3416, validation MSE: 0.2275
2025-10-15 21:57:54 [INFO]: Epoch 056 - training loss (MAE): 0.3271, validation MSE: 0.2223
2025-10-15 21:57:54 [INFO]: Epoch 057 - training loss (MAE): 0.3269, validation MSE: 0.2188
2025-10-15 21:57:54 [INFO]: Epoch 058 - training loss (MAE): 0.3180, validation MSE: 0.2199
2025-10-15 21:57:54 [INFO]: Epoch 059 - training loss (MAE): 0.3290, validation MSE: 0.2206
2025-10-15 21:57:54 [INFO]: Epoch 060 - training loss (MAE): 0.3164, validation MSE: 0.2112
2025-10-15 21:57:54 [INFO]: Epoch 061 - training loss (MAE): 0.3145, validation MSE: 0.2232
2025-10-15 21:57:54 [INFO]: Epoch 062 - training loss (MAE): 0.3067, validation MSE: 0.2048
2025-10-15 21:57:55 [INFO]: Epoch 063 - training loss (MAE): 0.3121, validation MSE: 0.2204
2025-10-15 21:57:55 [INFO]: Epoch 064 - training loss (MAE): 0.3107, validation MSE: 0.2174
2025-10-15 21:57:55 [INFO]: Epoch 065 - training loss (MAE): 0.3059, validation MSE: 0.2186
2025-10-15 21:57:55 [INFO]: Epoch 066 - training loss (MAE): 0.3102, validation MSE: 0.2170
2025-10-15 21:57:55 [INFO]: Epoch 067 - training loss (MAE): 0.2999, validation MSE: 0.2115
2025-10-15 21:57:55 [INFO]: Epoch 068 - training loss (MAE): 0.3018, validation MSE: 0.2149
2025-10-15 21:57:55 [INFO]: Epoch 069 - training loss (MAE): 0.3008, validation MSE: 0.2088
2025-10-15 21:57:55 [INFO]: Epoch 070 - training loss (MAE): 0.2955, validation MSE: 0.2010
2025-10-15 21:57:55 [INFO]: Epoch 071 - training loss (MAE): 0.2934, validation MSE: 0.2209
2025-10-15 21:57:56 [INFO]: Epoch 072 - training loss (MAE): 0.2951, validation MSE: 0.1997
2025-10-15 21:57:56 [INFO]: Epoch 073 - training loss (MAE): 0.2978, validation MSE: 0.2001
2025-10-15 21:57:56 [INFO]: Epoch 074 - training loss (MAE): 0.2932, validation MSE: 0.2004
2025-10-15 21:57:56 [INFO]: Epoch 075 - training loss (MAE): 0.2886, validation MSE: 0.2022
2025-10-15 21:57:56 [INFO]: Epoch 076 - training loss (MAE): 0.2870, validation MSE: 0.1958
2025-10-15 21:57:56 [INFO]: Epoch 077 - training loss (MAE): 0.2849, validation MSE: 0.1979
2025-10-15 21:57:56 [INFO]: Epoch 078 - training loss (MAE): 0.2832, validation MSE: 0.2060
2025-10-15 21:57:56 [INFO]: Epoch 079 - training loss (MAE): 0.2821, validation MSE: 0.2040
2025-10-15 21:57:56 [INFO]: Epoch 080 - training loss (MAE): 0.2806, validation MSE: 0.2022
2025-10-15 21:57:57 [INFO]: Epoch 081 - training loss (MAE): 0.2719, validation MSE: 0.1905
2025-10-15 21:57:57 [INFO]: Epoch 082 - training loss (MAE): 0.2733, validation MSE: 0.1887
2025-10-15 21:57:57 [INFO]: Epoch 083 - training loss (MAE): 0.2698, validation MSE: 0.1924
2025-10-15 21:57:57 [INFO]: Epoch 084 - training loss (MAE): 0.2717, validation MSE: 0.1964
2025-10-15 21:57:57 [INFO]: Epoch 085 - training loss (MAE): 0.2688, validation MSE: 0.1953
2025-10-15 21:57:57 [INFO]: Epoch 086 - training loss (MAE): 0.2729, validation MSE: 0.1982
2025-10-15 21:57:57 [INFO]: Epoch 087 - training loss (MAE): 0.2685, validation MSE: 0.1967
2025-10-15 21:57:57 [INFO]: Epoch 088 - training loss (MAE): 0.2689, validation MSE: 0.1948
2025-10-15 21:57:57 [INFO]: Epoch 089 - training loss (MAE): 0.2689, validation MSE: 0.1864
2025-10-15 21:57:58 [INFO]: Epoch 090 - training loss (MAE): 0.2670, validation MSE: 0.1888
2025-10-15 21:57:58 [INFO]: Epoch 091 - training loss (MAE): 0.2666, validation MSE: 0.1924
2025-10-15 21:57:58 [INFO]: Epoch 092 - training loss (MAE): 0.2686, validation MSE: 0.1901
2025-10-15 21:57:58 [INFO]: Epoch 093 - training loss (MAE): 0.2695, validation MSE: 0.1863
2025-10-15 21:57:58 [INFO]: Epoch 094 - training loss (MAE): 0.2650, validation MSE: 0.1923
2025-10-15 21:57:58 [INFO]: Epoch 095 - training loss (MAE): 0.2668, validation MSE: 0.1921
2025-10-15 21:57:58 [INFO]: Epoch 096 - training loss (MAE): 0.2647, validation MSE: 0.1777
2025-10-15 21:57:58 [INFO]: Epoch 097 - training loss (MAE): 0.2658, validation MSE: 0.1947
2025-10-15 21:57:59 [INFO]: Epoch 098 - training loss (MAE): 0.2636, validation MSE: 0.1872
2025-10-15 21:57:59 [INFO]: Epoch 099 - training loss (MAE): 0.2579, validation MSE: 0.1834
2025-10-15 21:57:59 [INFO]: Epoch 100 - training loss (MAE): 0.2571, validation MSE: 0.1880
2025-10-15 21:57:59 [INFO]: Finished training. The best model is from epoch#96.
[34m
████████╗██╗███╗   ███╗███████╗    ███████╗███████╗██████╗ ██╗███████╗███████╗    █████╗ ██╗
╚══██╔══╝██║████╗ ████║██╔════╝    ██╔════╝██╔════╝██╔══██╗██║██╔════╝██╔════╝   ██╔══██╗██║
   ██║   ██║██╔████╔██║█████╗█████╗███████╗█████╗  ██████╔╝██║█████╗  ███████╗   ███████║██║
   ██║   ██║██║╚██╔╝██║██╔══╝╚════╝╚════██║██╔══╝  ██╔══██╗██║██╔══╝  ╚════██║   ██╔══██║██║
   ██║   ██║██║ ╚═╝ ██║███████╗    ███████║███████╗██║  ██║██║███████╗███████║██╗██║  ██║██║
   ╚═╝   ╚═╝╚═╝     ╚═╝╚══════╝    ╚══════╝╚══════╝╚═╝  ╚═╝╚═╝╚══════╝╚══════╝╚═╝╚═╝  ╚═╝╚═╝
ai4ts v0.0.3 - building AI for unified time-series analysis, https://time-series.ai [0m

[SAITS][val ] {'MAE': 53.496462833799505, 'RMSE': 104.12034030275078, 'cov_90': None, 'cov_95': None, 'CRPS': None, 'sharpness': None}
Traceback (most recent call last):
  File "/media/usr/SSD/heeyoon/MASDE/scripts/baseline_run.py", line 74, in <module>
    main()
  File "/media/usr/SSD/heeyoon/MASDE/scripts/baseline_run.py", line 69, in main
    print(f"[{args.baseline.UPPER()}][test]", metrics["test"])  # NOTE: Python format bug, fix below
AttributeError: 'str' object has no attribute 'UPPER'
