2025-10-15 22:08:44 [INFO]: No given device, using default device: cuda
2025-10-15 22:08:44 [WARNING]: ‼️ saving_path not given. Model files and tensorboard file will not be saved.
2025-10-15 22:08:44 [INFO]: Using customized MAE as the training loss function.
2025-10-15 22:08:44 [INFO]: Using customized MSE as the validation metric function.
2025-10-15 22:08:44 [INFO]: SAITS initialized with the given hyperparameters, the number of trainable parameters: 4,959,776
2025-10-15 22:08:45 [INFO]: Epoch 001 - training loss (MAE): 1.3012, validation MSE: 0.7826
2025-10-15 22:08:46 [INFO]: Epoch 002 - training loss (MAE): 0.8482, validation MSE: 0.7177
2025-10-15 22:08:46 [INFO]: Epoch 003 - training loss (MAE): 0.7596, validation MSE: 0.6972
2025-10-15 22:08:47 [INFO]: Epoch 004 - training loss (MAE): 0.7050, validation MSE: 0.6173
2025-10-15 22:08:47 [INFO]: Epoch 005 - training loss (MAE): 0.6431, validation MSE: 0.5600
2025-10-15 22:08:47 [INFO]: Epoch 006 - training loss (MAE): 0.5986, validation MSE: 0.5396
2025-10-15 22:08:48 [INFO]: Epoch 007 - training loss (MAE): 0.5670, validation MSE: 0.5056
2025-10-15 22:08:48 [INFO]: Epoch 008 - training loss (MAE): 0.5459, validation MSE: 0.5116
2025-10-15 22:08:49 [INFO]: Epoch 009 - training loss (MAE): 0.5362, validation MSE: 0.5079
2025-10-15 22:08:49 [INFO]: Epoch 010 - training loss (MAE): 0.5194, validation MSE: 0.4994
2025-10-15 22:08:49 [INFO]: Epoch 011 - training loss (MAE): 0.5053, validation MSE: 0.5038
2025-10-15 22:08:50 [INFO]: Epoch 012 - training loss (MAE): 0.4956, validation MSE: 0.5043
2025-10-15 22:08:50 [INFO]: Epoch 013 - training loss (MAE): 0.4930, validation MSE: 0.4960
2025-10-15 22:08:51 [INFO]: Epoch 014 - training loss (MAE): 0.4906, validation MSE: 0.5120
2025-10-15 22:08:51 [INFO]: Epoch 015 - training loss (MAE): 0.4848, validation MSE: 0.4995
2025-10-15 22:08:51 [INFO]: Epoch 016 - training loss (MAE): 0.4816, validation MSE: 0.4954
2025-10-15 22:08:52 [INFO]: Epoch 017 - training loss (MAE): 0.4784, validation MSE: 0.5083
2025-10-15 22:08:52 [INFO]: Epoch 018 - training loss (MAE): 0.4719, validation MSE: 0.4927
2025-10-15 22:08:53 [INFO]: Epoch 019 - training loss (MAE): 0.4658, validation MSE: 0.4999
2025-10-15 22:08:53 [INFO]: Epoch 020 - training loss (MAE): 0.4678, validation MSE: 0.5083
2025-10-15 22:08:53 [INFO]: Epoch 021 - training loss (MAE): 0.4618, validation MSE: 0.4854
2025-10-15 22:08:54 [INFO]: Epoch 022 - training loss (MAE): 0.4630, validation MSE: 0.4988
2025-10-15 22:08:54 [INFO]: Epoch 023 - training loss (MAE): 0.4595, validation MSE: 0.4939
2025-10-15 22:08:55 [INFO]: Epoch 024 - training loss (MAE): 0.4526, validation MSE: 0.4885
2025-10-15 22:08:55 [INFO]: Epoch 025 - training loss (MAE): 0.4533, validation MSE: 0.5003
2025-10-15 22:08:55 [INFO]: Epoch 026 - training loss (MAE): 0.4519, validation MSE: 0.4854
2025-10-15 22:08:56 [INFO]: Epoch 027 - training loss (MAE): 0.4497, validation MSE: 0.4868
2025-10-15 22:08:56 [INFO]: Epoch 028 - training loss (MAE): 0.4431, validation MSE: 0.4869
2025-10-15 22:08:57 [INFO]: Epoch 029 - training loss (MAE): 0.4473, validation MSE: 0.4954
2025-10-15 22:08:57 [INFO]: Epoch 030 - training loss (MAE): 0.4405, validation MSE: 0.4947
2025-10-15 22:08:57 [INFO]: Epoch 031 - training loss (MAE): 0.4418, validation MSE: 0.4951
2025-10-15 22:08:58 [INFO]: Epoch 032 - training loss (MAE): 0.4362, validation MSE: 0.4756
2025-10-15 22:08:58 [INFO]: Epoch 033 - training loss (MAE): 0.4332, validation MSE: 0.4819
2025-10-15 22:08:59 [INFO]: Epoch 034 - training loss (MAE): 0.4362, validation MSE: 0.4808
2025-10-15 22:08:59 [INFO]: Epoch 035 - training loss (MAE): 0.4302, validation MSE: 0.4771
2025-10-15 22:08:59 [INFO]: Epoch 036 - training loss (MAE): 0.4230, validation MSE: 0.4826
2025-10-15 22:09:00 [INFO]: Epoch 037 - training loss (MAE): 0.4245, validation MSE: 0.4710
2025-10-15 22:09:00 [INFO]: Epoch 038 - training loss (MAE): 0.4217, validation MSE: 0.4710
2025-10-15 22:09:01 [INFO]: Epoch 039 - training loss (MAE): 0.4152, validation MSE: 0.4691
2025-10-15 22:09:01 [INFO]: Epoch 040 - training loss (MAE): 0.4196, validation MSE: 0.4657
2025-10-15 22:09:01 [INFO]: Epoch 041 - training loss (MAE): 0.4166, validation MSE: 0.4629
2025-10-15 22:09:02 [INFO]: Epoch 042 - training loss (MAE): 0.4110, validation MSE: 0.4614
2025-10-15 22:09:02 [INFO]: Epoch 043 - training loss (MAE): 0.4066, validation MSE: 0.4588
2025-10-15 22:09:03 [INFO]: Epoch 044 - training loss (MAE): 0.4093, validation MSE: 0.4509
2025-10-15 22:09:03 [INFO]: Epoch 045 - training loss (MAE): 0.4038, validation MSE: 0.4627
2025-10-15 22:09:03 [INFO]: Epoch 046 - training loss (MAE): 0.4023, validation MSE: 0.4499
2025-10-15 22:09:04 [INFO]: Epoch 047 - training loss (MAE): 0.4060, validation MSE: 0.4589
2025-10-15 22:09:04 [INFO]: Epoch 048 - training loss (MAE): 0.4023, validation MSE: 0.4534
2025-10-15 22:09:05 [INFO]: Epoch 049 - training loss (MAE): 0.4000, validation MSE: 0.4482
2025-10-15 22:09:05 [INFO]: Epoch 050 - training loss (MAE): 0.4051, validation MSE: 0.4557
2025-10-15 22:09:05 [INFO]: Epoch 051 - training loss (MAE): 0.4012, validation MSE: 0.4496
2025-10-15 22:09:06 [INFO]: Epoch 052 - training loss (MAE): 0.3956, validation MSE: 0.4549
2025-10-15 22:09:06 [INFO]: Epoch 053 - training loss (MAE): 0.3947, validation MSE: 0.4456
2025-10-15 22:09:07 [INFO]: Epoch 054 - training loss (MAE): 0.3940, validation MSE: 0.4597
2025-10-15 22:09:07 [INFO]: Epoch 055 - training loss (MAE): 0.3959, validation MSE: 0.4496
2025-10-15 22:09:07 [INFO]: Epoch 056 - training loss (MAE): 0.3948, validation MSE: 0.4461
2025-10-15 22:09:08 [INFO]: Epoch 057 - training loss (MAE): 0.3936, validation MSE: 0.4630
2025-10-15 22:09:08 [INFO]: Epoch 058 - training loss (MAE): 0.3939, validation MSE: 0.4428
2025-10-15 22:09:08 [INFO]: Epoch 059 - training loss (MAE): 0.3867, validation MSE: 0.4491
2025-10-15 22:09:09 [INFO]: Epoch 060 - training loss (MAE): 0.3875, validation MSE: 0.4437
2025-10-15 22:09:09 [INFO]: Epoch 061 - training loss (MAE): 0.3839, validation MSE: 0.4460
2025-10-15 22:09:10 [INFO]: Epoch 062 - training loss (MAE): 0.3855, validation MSE: 0.4420
2025-10-15 22:09:10 [INFO]: Epoch 063 - training loss (MAE): 0.3826, validation MSE: 0.4405
2025-10-15 22:09:10 [INFO]: Epoch 064 - training loss (MAE): 0.3805, validation MSE: 0.4379
2025-10-15 22:09:11 [INFO]: Epoch 065 - training loss (MAE): 0.3755, validation MSE: 0.4417
2025-10-15 22:09:11 [INFO]: Epoch 066 - training loss (MAE): 0.3770, validation MSE: 0.4430
2025-10-15 22:09:12 [INFO]: Epoch 067 - training loss (MAE): 0.3741, validation MSE: 0.4405
2025-10-15 22:09:12 [INFO]: Epoch 068 - training loss (MAE): 0.3740, validation MSE: 0.4436
2025-10-15 22:09:12 [INFO]: Epoch 069 - training loss (MAE): 0.3724, validation MSE: 0.4370
2025-10-15 22:09:13 [INFO]: Epoch 070 - training loss (MAE): 0.3694, validation MSE: 0.4424
2025-10-15 22:09:13 [INFO]: Epoch 071 - training loss (MAE): 0.3681, validation MSE: 0.4378
2025-10-15 22:09:13 [INFO]: Epoch 072 - training loss (MAE): 0.3725, validation MSE: 0.4470
2025-10-15 22:09:14 [INFO]: Epoch 073 - training loss (MAE): 0.3741, validation MSE: 0.4463
2025-10-15 22:09:14 [INFO]: Epoch 074 - training loss (MAE): 0.3689, validation MSE: 0.4367
2025-10-15 22:09:15 [INFO]: Epoch 075 - training loss (MAE): 0.3669, validation MSE: 0.4369
2025-10-15 22:09:15 [INFO]: Epoch 076 - training loss (MAE): 0.3684, validation MSE: 0.4407
2025-10-15 22:09:15 [INFO]: Epoch 077 - training loss (MAE): 0.3654, validation MSE: 0.4322
2025-10-15 22:09:16 [INFO]: Epoch 078 - training loss (MAE): 0.3608, validation MSE: 0.4347
2025-10-15 22:09:16 [INFO]: Epoch 079 - training loss (MAE): 0.3659, validation MSE: 0.4343
2025-10-15 22:09:16 [INFO]: Epoch 080 - training loss (MAE): 0.3622, validation MSE: 0.4380
2025-10-15 22:09:17 [INFO]: Epoch 081 - training loss (MAE): 0.3592, validation MSE: 0.4344
2025-10-15 22:09:17 [INFO]: Epoch 082 - training loss (MAE): 0.3598, validation MSE: 0.4321
2025-10-15 22:09:18 [INFO]: Epoch 083 - training loss (MAE): 0.3557, validation MSE: 0.4322
2025-10-15 22:09:18 [INFO]: Epoch 084 - training loss (MAE): 0.3566, validation MSE: 0.4392
2025-10-15 22:09:18 [INFO]: Epoch 085 - training loss (MAE): 0.3558, validation MSE: 0.4311
2025-10-15 22:09:19 [INFO]: Epoch 086 - training loss (MAE): 0.3518, validation MSE: 0.4297
2025-10-15 22:09:19 [INFO]: Epoch 087 - training loss (MAE): 0.3577, validation MSE: 0.4301
2025-10-15 22:09:19 [INFO]: Epoch 088 - training loss (MAE): 0.3511, validation MSE: 0.4258
2025-10-15 22:09:20 [INFO]: Epoch 089 - training loss (MAE): 0.3553, validation MSE: 0.4303
2025-10-15 22:09:20 [INFO]: Epoch 090 - training loss (MAE): 0.3502, validation MSE: 0.4248
2025-10-15 22:09:21 [INFO]: Epoch 091 - training loss (MAE): 0.3469, validation MSE: 0.4232
2025-10-15 22:09:21 [INFO]: Epoch 092 - training loss (MAE): 0.3498, validation MSE: 0.4263
2025-10-15 22:09:21 [INFO]: Epoch 093 - training loss (MAE): 0.3455, validation MSE: 0.4229
2025-10-15 22:09:22 [INFO]: Epoch 094 - training loss (MAE): 0.3477, validation MSE: 0.4230
2025-10-15 22:09:22 [INFO]: Epoch 095 - training loss (MAE): 0.3449, validation MSE: 0.4226
2025-10-15 22:09:23 [INFO]: Epoch 096 - training loss (MAE): 0.3413, validation MSE: 0.4247
2025-10-15 22:09:23 [INFO]: Epoch 097 - training loss (MAE): 0.3513, validation MSE: 0.4219
2025-10-15 22:09:23 [INFO]: Epoch 098 - training loss (MAE): 0.3458, validation MSE: 0.4273
2025-10-15 22:09:24 [INFO]: Epoch 099 - training loss (MAE): 0.3446, validation MSE: 0.4185
2025-10-15 22:09:24 [INFO]: Epoch 100 - training loss (MAE): 0.3425, validation MSE: 0.4257
2025-10-15 22:09:24 [INFO]: Finished training. The best model is from epoch#99.
[34m
████████╗██╗███╗   ███╗███████╗    ███████╗███████╗██████╗ ██╗███████╗███████╗    █████╗ ██╗
╚══██╔══╝██║████╗ ████║██╔════╝    ██╔════╝██╔════╝██╔══██╗██║██╔════╝██╔════╝   ██╔══██╗██║
   ██║   ██║██╔████╔██║█████╗█████╗███████╗█████╗  ██████╔╝██║█████╗  ███████╗   ███████║██║
   ██║   ██║██║╚██╔╝██║██╔══╝╚════╝╚════██║██╔══╝  ██╔══██╗██║██╔══╝  ╚════██║   ██╔══██║██║
   ██║   ██║██║ ╚═╝ ██║███████╗    ███████║███████╗██║  ██║██║███████╗███████║██╗██║  ██║██║
   ╚═╝   ╚═╝╚═╝     ╚═╝╚══════╝    ╚══════╝╚══════╝╚═╝  ╚═╝╚═╝╚══════╝╚══════╝╚═╝╚═╝  ╚═╝╚═╝
ai4ts v0.0.3 - building AI for unified time-series analysis, https://time-series.ai [0m

[SAITS][val ] {'MAE': 0.010627057797188835, 'RMSE': 0.025553912414063414, 'cov_90': None, 'cov_95': None, 'CRPS': None, 'sharpness': None}
Traceback (most recent call last):
  File "/media/usr/SSD/heeyoon/MASDE/scripts/baseline_run.py", line 74, in <module>
    main()
  File "/media/usr/SSD/heeyoon/MASDE/scripts/baseline_run.py", line 69, in main
    print(f"[{args.baseline.UPPER()}][test]", metrics["test"])  # NOTE: Python format bug, fix below
AttributeError: 'str' object has no attribute 'UPPER'
