2025-10-15 22:09:29 [INFO]: No given device, using default device: cuda
2025-10-15 22:09:29 [WARNING]: ‼️ saving_path not given. Model files and tensorboard file will not be saved.
2025-10-15 22:09:29 [INFO]: Using customized MAE as the training loss function.
2025-10-15 22:09:29 [INFO]: Using customized MSE as the validation metric function.
2025-10-15 22:09:29 [INFO]: BRITS initialized with the given hyperparameters, the number of trainable parameters: 10,893,584
2025-10-15 22:09:41 [INFO]: Epoch 001 - training loss (MAE): 1.2561, validation MSE: 0.7790
2025-10-15 22:09:52 [INFO]: Epoch 002 - training loss (MAE): 0.9520, validation MSE: 0.6948
2025-10-15 22:10:03 [INFO]: Epoch 003 - training loss (MAE): 0.7985, validation MSE: 0.6280
2025-10-15 22:10:14 [INFO]: Epoch 004 - training loss (MAE): 0.7242, validation MSE: 0.6076
2025-10-15 22:10:25 [INFO]: Epoch 005 - training loss (MAE): 0.6646, validation MSE: 0.6006
2025-10-15 22:10:35 [INFO]: Epoch 006 - training loss (MAE): 0.6295, validation MSE: 0.5778
2025-10-15 22:10:46 [INFO]: Epoch 007 - training loss (MAE): 0.5990, validation MSE: 0.5604
2025-10-15 22:10:57 [INFO]: Epoch 008 - training loss (MAE): 0.5765, validation MSE: 0.5473
2025-10-15 22:11:08 [INFO]: Epoch 009 - training loss (MAE): 0.5580, validation MSE: 0.5360
2025-10-15 22:11:19 [INFO]: Epoch 010 - training loss (MAE): 0.5398, validation MSE: 0.5253
2025-10-15 22:11:30 [INFO]: Epoch 011 - training loss (MAE): 0.5258, validation MSE: 0.5191
2025-10-15 22:11:41 [INFO]: Epoch 012 - training loss (MAE): 0.5116, validation MSE: 0.5105
2025-10-15 22:11:51 [INFO]: Epoch 013 - training loss (MAE): 0.5037, validation MSE: 0.5062
2025-10-15 22:12:02 [INFO]: Epoch 014 - training loss (MAE): 0.4936, validation MSE: 0.4998
2025-10-15 22:12:13 [INFO]: Epoch 015 - training loss (MAE): 0.4824, validation MSE: 0.4960
2025-10-15 22:12:24 [INFO]: Epoch 016 - training loss (MAE): 0.4784, validation MSE: 0.4926
2025-10-15 22:12:35 [INFO]: Epoch 017 - training loss (MAE): 0.4698, validation MSE: 0.4875
2025-10-15 22:12:46 [INFO]: Epoch 018 - training loss (MAE): 0.4634, validation MSE: 0.4847
2025-10-15 22:12:56 [INFO]: Epoch 019 - training loss (MAE): 0.4574, validation MSE: 0.4802
2025-10-15 22:13:07 [INFO]: Epoch 020 - training loss (MAE): 0.4521, validation MSE: 0.4783
2025-10-15 22:13:18 [INFO]: Epoch 021 - training loss (MAE): 0.4450, validation MSE: 0.4765
2025-10-15 22:13:29 [INFO]: Epoch 022 - training loss (MAE): 0.4424, validation MSE: 0.4747
2025-10-15 22:13:40 [INFO]: Epoch 023 - training loss (MAE): 0.4373, validation MSE: 0.4718
2025-10-15 22:13:51 [INFO]: Epoch 024 - training loss (MAE): 0.4347, validation MSE: 0.4691
2025-10-15 22:14:01 [INFO]: Epoch 025 - training loss (MAE): 0.4296, validation MSE: 0.4662
2025-10-15 22:14:12 [INFO]: Epoch 026 - training loss (MAE): 0.4231, validation MSE: 0.4634
2025-10-15 22:14:23 [INFO]: Epoch 027 - training loss (MAE): 0.4171, validation MSE: 0.4639
2025-10-15 22:14:34 [INFO]: Epoch 028 - training loss (MAE): 0.4165, validation MSE: 0.4605
2025-10-15 22:14:45 [INFO]: Epoch 029 - training loss (MAE): 0.4148, validation MSE: 0.4591
2025-10-15 22:14:55 [INFO]: Epoch 030 - training loss (MAE): 0.4098, validation MSE: 0.4574
2025-10-15 22:15:06 [INFO]: Epoch 031 - training loss (MAE): 0.4064, validation MSE: 0.4550
2025-10-15 22:15:17 [INFO]: Epoch 032 - training loss (MAE): 0.4012, validation MSE: 0.4540
2025-10-15 22:15:28 [INFO]: Epoch 033 - training loss (MAE): 0.4004, validation MSE: 0.4515
2025-10-15 22:15:39 [INFO]: Epoch 034 - training loss (MAE): 0.3950, validation MSE: 0.4511
2025-10-15 22:15:50 [INFO]: Epoch 035 - training loss (MAE): 0.3953, validation MSE: 0.4502
2025-10-15 22:16:00 [INFO]: Epoch 036 - training loss (MAE): 0.3927, validation MSE: 0.4485
2025-10-15 22:16:11 [INFO]: Epoch 037 - training loss (MAE): 0.3886, validation MSE: 0.4462
2025-10-15 22:16:22 [INFO]: Epoch 038 - training loss (MAE): 0.3869, validation MSE: 0.4461
2025-10-15 22:16:33 [INFO]: Epoch 039 - training loss (MAE): 0.3859, validation MSE: 0.4430
2025-10-15 22:16:44 [INFO]: Epoch 040 - training loss (MAE): 0.3826, validation MSE: 0.4430
2025-10-15 22:16:55 [INFO]: Epoch 041 - training loss (MAE): 0.3800, validation MSE: 0.4410
2025-10-15 22:17:06 [INFO]: Epoch 042 - training loss (MAE): 0.3759, validation MSE: 0.4398
2025-10-15 22:17:16 [INFO]: Epoch 043 - training loss (MAE): 0.3748, validation MSE: 0.4391
2025-10-15 22:17:27 [INFO]: Epoch 044 - training loss (MAE): 0.3729, validation MSE: 0.4384
2025-10-15 22:17:38 [INFO]: Epoch 045 - training loss (MAE): 0.3700, validation MSE: 0.4369
2025-10-15 22:17:49 [INFO]: Epoch 046 - training loss (MAE): 0.3720, validation MSE: 0.4365
2025-10-15 22:18:00 [INFO]: Epoch 047 - training loss (MAE): 0.3674, validation MSE: 0.4342
2025-10-15 22:18:11 [INFO]: Epoch 048 - training loss (MAE): 0.3635, validation MSE: 0.4353
2025-10-15 22:18:21 [INFO]: Epoch 049 - training loss (MAE): 0.3643, validation MSE: 0.4333
2025-10-15 22:18:32 [INFO]: Epoch 050 - training loss (MAE): 0.3623, validation MSE: 0.4337
2025-10-15 22:18:43 [INFO]: Epoch 051 - training loss (MAE): 0.3584, validation MSE: 0.4313
2025-10-15 22:18:54 [INFO]: Epoch 052 - training loss (MAE): 0.3590, validation MSE: 0.4304
2025-10-15 22:19:05 [INFO]: Epoch 053 - training loss (MAE): 0.3574, validation MSE: 0.4307
2025-10-15 22:19:16 [INFO]: Epoch 054 - training loss (MAE): 0.3559, validation MSE: 0.4294
2025-10-15 22:19:26 [INFO]: Epoch 055 - training loss (MAE): 0.3526, validation MSE: 0.4298
2025-10-15 22:19:37 [INFO]: Epoch 056 - training loss (MAE): 0.3519, validation MSE: 0.4280
2025-10-15 22:19:48 [INFO]: Epoch 057 - training loss (MAE): 0.3534, validation MSE: 0.4279
2025-10-15 22:19:59 [INFO]: Epoch 058 - training loss (MAE): 0.3502, validation MSE: 0.4287
2025-10-15 22:20:10 [INFO]: Epoch 059 - training loss (MAE): 0.3491, validation MSE: 0.4258
2025-10-15 22:20:21 [INFO]: Epoch 060 - training loss (MAE): 0.3487, validation MSE: 0.4260
2025-10-15 22:20:31 [INFO]: Epoch 061 - training loss (MAE): 0.3465, validation MSE: 0.4250
2025-10-15 22:20:42 [INFO]: Epoch 062 - training loss (MAE): 0.3446, validation MSE: 0.4249
2025-10-15 22:20:53 [INFO]: Epoch 063 - training loss (MAE): 0.3445, validation MSE: 0.4231
2025-10-15 22:21:04 [INFO]: Epoch 064 - training loss (MAE): 0.3422, validation MSE: 0.4217
2025-10-15 22:21:15 [INFO]: Epoch 065 - training loss (MAE): 0.3419, validation MSE: 0.4222
2025-10-15 22:21:26 [INFO]: Epoch 066 - training loss (MAE): 0.3390, validation MSE: 0.4219
2025-10-15 22:21:37 [INFO]: Epoch 067 - training loss (MAE): 0.3380, validation MSE: 0.4198
2025-10-15 22:21:47 [INFO]: Epoch 068 - training loss (MAE): 0.3369, validation MSE: 0.4198
2025-10-15 22:21:58 [INFO]: Epoch 069 - training loss (MAE): 0.3367, validation MSE: 0.4190
2025-10-15 22:22:09 [INFO]: Epoch 070 - training loss (MAE): 0.3370, validation MSE: 0.4203
2025-10-15 22:22:20 [INFO]: Epoch 071 - training loss (MAE): 0.3341, validation MSE: 0.4187
2025-10-15 22:22:31 [INFO]: Epoch 072 - training loss (MAE): 0.3323, validation MSE: 0.4179
2025-10-15 22:22:42 [INFO]: Epoch 073 - training loss (MAE): 0.3313, validation MSE: 0.4177
2025-10-15 22:22:52 [INFO]: Epoch 074 - training loss (MAE): 0.3302, validation MSE: 0.4174
2025-10-15 22:23:03 [INFO]: Epoch 075 - training loss (MAE): 0.3315, validation MSE: 0.4164
2025-10-15 22:23:14 [INFO]: Epoch 076 - training loss (MAE): 0.3281, validation MSE: 0.4162
2025-10-15 22:23:25 [INFO]: Epoch 077 - training loss (MAE): 0.3293, validation MSE: 0.4161
2025-10-15 22:23:36 [INFO]: Epoch 078 - training loss (MAE): 0.3301, validation MSE: 0.4147
2025-10-15 22:23:47 [INFO]: Epoch 079 - training loss (MAE): 0.3254, validation MSE: 0.4136
2025-10-15 22:23:57 [INFO]: Epoch 080 - training loss (MAE): 0.3252, validation MSE: 0.4137
2025-10-15 22:24:08 [INFO]: Epoch 081 - training loss (MAE): 0.3259, validation MSE: 0.4146
2025-10-15 22:24:19 [INFO]: Epoch 082 - training loss (MAE): 0.3221, validation MSE: 0.4139
2025-10-15 22:24:30 [INFO]: Epoch 083 - training loss (MAE): 0.3222, validation MSE: 0.4142
2025-10-15 22:24:41 [INFO]: Epoch 084 - training loss (MAE): 0.3231, validation MSE: 0.4120
2025-10-15 22:24:52 [INFO]: Epoch 085 - training loss (MAE): 0.3224, validation MSE: 0.4124
2025-10-15 22:25:02 [INFO]: Epoch 086 - training loss (MAE): 0.3201, validation MSE: 0.4131
2025-10-15 22:25:13 [INFO]: Epoch 087 - training loss (MAE): 0.3205, validation MSE: 0.4123
2025-10-15 22:25:24 [INFO]: Epoch 088 - training loss (MAE): 0.3182, validation MSE: 0.4118
2025-10-15 22:25:35 [INFO]: Epoch 089 - training loss (MAE): 0.3172, validation MSE: 0.4121
2025-10-15 22:25:46 [INFO]: Epoch 090 - training loss (MAE): 0.3179, validation MSE: 0.4121
2025-10-15 22:25:57 [INFO]: Epoch 091 - training loss (MAE): 0.3174, validation MSE: 0.4111
2025-10-15 22:26:07 [INFO]: Epoch 092 - training loss (MAE): 0.3157, validation MSE: 0.4098
2025-10-15 22:26:18 [INFO]: Epoch 093 - training loss (MAE): 0.3134, validation MSE: 0.4111
2025-10-15 22:26:29 [INFO]: Epoch 094 - training loss (MAE): 0.3151, validation MSE: 0.4088
2025-10-15 22:26:40 [INFO]: Epoch 095 - training loss (MAE): 0.3161, validation MSE: 0.4094
2025-10-15 22:26:51 [INFO]: Epoch 096 - training loss (MAE): 0.3123, validation MSE: 0.4091
2025-10-15 22:27:02 [INFO]: Epoch 097 - training loss (MAE): 0.3139, validation MSE: 0.4080
2025-10-15 22:27:12 [INFO]: Epoch 098 - training loss (MAE): 0.3123, validation MSE: 0.4085
2025-10-15 22:27:23 [INFO]: Epoch 099 - training loss (MAE): 0.3117, validation MSE: 0.4082
2025-10-15 22:27:33 [INFO]: Epoch 100 - training loss (MAE): 0.3101, validation MSE: 0.4078
2025-10-15 22:27:33 [INFO]: Finished training. The best model is from epoch#100.
[34m
████████╗██╗███╗   ███╗███████╗    ███████╗███████╗██████╗ ██╗███████╗███████╗    █████╗ ██╗
╚══██╔══╝██║████╗ ████║██╔════╝    ██╔════╝██╔════╝██╔══██╗██║██╔════╝██╔════╝   ██╔══██╗██║
   ██║   ██║██╔████╔██║█████╗█████╗███████╗█████╗  ██████╔╝██║█████╗  ███████╗   ███████║██║
   ██║   ██║██║╚██╔╝██║██╔══╝╚════╝╚════██║██╔══╝  ██╔══██╗██║██╔══╝  ╚════██║   ██╔══██║██║
   ██║   ██║██║ ╚═╝ ██║███████╗    ███████║███████╗██║  ██║██║███████╗███████║██╗██║  ██║██║
   ╚═╝   ╚═╝╚═╝     ╚═╝╚══════╝    ╚══════╝╚══════╝╚═╝  ╚═╝╚═╝╚══════╝╚══════╝╚═╝╚═╝  ╚═╝╚═╝
ai4ts v0.0.3 - building AI for unified time-series analysis, https://time-series.ai [0m

[BRITS][val ] {'MAE': 0.012428954641492122, 'RMSE': 0.024770590073878846, 'cov_90': None, 'cov_95': None, 'CRPS': None, 'sharpness': None}
Traceback (most recent call last):
  File "/media/usr/SSD/heeyoon/MASDE/scripts/baseline_run.py", line 74, in <module>
    main()
  File "/media/usr/SSD/heeyoon/MASDE/scripts/baseline_run.py", line 69, in main
    print(f"[{args.baseline.UPPER()}][test]", metrics["test"])  # NOTE: Python format bug, fix below
AttributeError: 'str' object has no attribute 'UPPER'
