2025-10-15 22:27:43 [INFO]: No given device, using default device: cuda
2025-10-15 22:27:43 [WARNING]: ‼️ saving_path not given. Model files and tensorboard file will not be saved.
2025-10-15 22:27:43 [INFO]: Using customized MAE as the training loss function.
2025-10-15 22:27:43 [INFO]: Using customized MSE as the validation metric function.
2025-10-15 22:27:43 [INFO]: SAITS initialized with the given hyperparameters, the number of trainable parameters: 2,359,926
2025-10-15 22:27:45 [INFO]: Epoch 001 - training loss (MAE): 0.9794, validation MSE: 0.1847
2025-10-15 22:27:45 [INFO]: Epoch 002 - training loss (MAE): 0.5285, validation MSE: 0.1881
2025-10-15 22:27:46 [INFO]: Epoch 003 - training loss (MAE): 0.4624, validation MSE: 0.1339
2025-10-15 22:27:46 [INFO]: Epoch 004 - training loss (MAE): 0.3988, validation MSE: 0.0893
2025-10-15 22:27:47 [INFO]: Epoch 005 - training loss (MAE): 0.3520, validation MSE: 0.1038
2025-10-15 22:27:48 [INFO]: Epoch 006 - training loss (MAE): 0.3382, validation MSE: 0.0840
2025-10-15 22:27:48 [INFO]: Epoch 007 - training loss (MAE): 0.3248, validation MSE: 0.0853
2025-10-15 22:27:49 [INFO]: Epoch 008 - training loss (MAE): 0.3148, validation MSE: 0.0883
2025-10-15 22:27:49 [INFO]: Epoch 009 - training loss (MAE): 0.3054, validation MSE: 0.0882
2025-10-15 22:27:50 [INFO]: Epoch 010 - training loss (MAE): 0.3044, validation MSE: 0.0824
2025-10-15 22:27:50 [INFO]: Epoch 011 - training loss (MAE): 0.3151, validation MSE: 0.1284
2025-10-15 22:27:51 [INFO]: Epoch 012 - training loss (MAE): 0.3083, validation MSE: 0.0829
2025-10-15 22:27:52 [INFO]: Epoch 013 - training loss (MAE): 0.3002, validation MSE: 0.0968
2025-10-15 22:27:52 [INFO]: Epoch 014 - training loss (MAE): 0.2947, validation MSE: 0.0851
2025-10-15 22:27:53 [INFO]: Epoch 015 - training loss (MAE): 0.2879, validation MSE: 0.0893
2025-10-15 22:27:53 [INFO]: Epoch 016 - training loss (MAE): 0.2752, validation MSE: 0.0720
2025-10-15 22:27:54 [INFO]: Epoch 017 - training loss (MAE): 0.2853, validation MSE: 0.0853
2025-10-15 22:27:54 [INFO]: Epoch 018 - training loss (MAE): 0.2719, validation MSE: 0.0884
2025-10-15 22:27:55 [INFO]: Epoch 019 - training loss (MAE): 0.2655, validation MSE: 0.0787
2025-10-15 22:27:56 [INFO]: Epoch 020 - training loss (MAE): 0.2567, validation MSE: 0.0689
2025-10-15 22:27:56 [INFO]: Epoch 021 - training loss (MAE): 0.2542, validation MSE: 0.0668
2025-10-15 22:27:57 [INFO]: Epoch 022 - training loss (MAE): 0.2484, validation MSE: 0.0645
2025-10-15 22:27:57 [INFO]: Epoch 023 - training loss (MAE): 0.2514, validation MSE: 0.0739
2025-10-15 22:27:58 [INFO]: Epoch 024 - training loss (MAE): 0.2446, validation MSE: 0.0729
2025-10-15 22:27:59 [INFO]: Epoch 025 - training loss (MAE): 0.2377, validation MSE: 0.0686
2025-10-15 22:27:59 [INFO]: Epoch 026 - training loss (MAE): 0.2315, validation MSE: 0.0687
2025-10-15 22:28:00 [INFO]: Epoch 027 - training loss (MAE): 0.2401, validation MSE: 0.0661
2025-10-15 22:28:00 [INFO]: Epoch 028 - training loss (MAE): 0.2377, validation MSE: 0.0633
2025-10-15 22:28:01 [INFO]: Epoch 029 - training loss (MAE): 0.2355, validation MSE: 0.0678
2025-10-15 22:28:01 [INFO]: Epoch 030 - training loss (MAE): 0.2293, validation MSE: 0.0831
2025-10-15 22:28:02 [INFO]: Epoch 031 - training loss (MAE): 0.2362, validation MSE: 0.0758
2025-10-15 22:28:03 [INFO]: Epoch 032 - training loss (MAE): 0.2327, validation MSE: 0.0693
2025-10-15 22:28:03 [INFO]: Epoch 033 - training loss (MAE): 0.2232, validation MSE: 0.0626
2025-10-15 22:28:04 [INFO]: Epoch 034 - training loss (MAE): 0.2203, validation MSE: 0.0634
2025-10-15 22:28:04 [INFO]: Epoch 035 - training loss (MAE): 0.2219, validation MSE: 0.0722
2025-10-15 22:28:05 [INFO]: Epoch 036 - training loss (MAE): 0.2219, validation MSE: 0.0624
2025-10-15 22:28:05 [INFO]: Epoch 037 - training loss (MAE): 0.2207, validation MSE: 0.0598
2025-10-15 22:28:06 [INFO]: Epoch 038 - training loss (MAE): 0.2137, validation MSE: 0.0604
2025-10-15 22:28:07 [INFO]: Epoch 039 - training loss (MAE): 0.2095, validation MSE: 0.0667
2025-10-15 22:28:07 [INFO]: Epoch 040 - training loss (MAE): 0.2111, validation MSE: 0.0604
2025-10-15 22:28:08 [INFO]: Epoch 041 - training loss (MAE): 0.2107, validation MSE: 0.0591
2025-10-15 22:28:08 [INFO]: Epoch 042 - training loss (MAE): 0.2096, validation MSE: 0.0629
2025-10-15 22:28:09 [INFO]: Epoch 043 - training loss (MAE): 0.2106, validation MSE: 0.0676
2025-10-15 22:28:09 [INFO]: Epoch 044 - training loss (MAE): 0.2127, validation MSE: 0.0569
2025-10-15 22:28:10 [INFO]: Epoch 045 - training loss (MAE): 0.2138, validation MSE: 0.0594
2025-10-15 22:28:11 [INFO]: Epoch 046 - training loss (MAE): 0.2046, validation MSE: 0.0634
2025-10-15 22:28:11 [INFO]: Epoch 047 - training loss (MAE): 0.2031, validation MSE: 0.0580
2025-10-15 22:28:12 [INFO]: Epoch 048 - training loss (MAE): 0.2104, validation MSE: 0.0567
2025-10-15 22:28:12 [INFO]: Epoch 049 - training loss (MAE): 0.2142, validation MSE: 0.0567
2025-10-15 22:28:13 [INFO]: Epoch 050 - training loss (MAE): 0.2104, validation MSE: 0.0603
2025-10-15 22:28:14 [INFO]: Epoch 051 - training loss (MAE): 0.2058, validation MSE: 0.0599
2025-10-15 22:28:14 [INFO]: Epoch 052 - training loss (MAE): 0.2000, validation MSE: 0.0565
2025-10-15 22:28:15 [INFO]: Epoch 053 - training loss (MAE): 0.1988, validation MSE: 0.0616
2025-10-15 22:28:15 [INFO]: Epoch 054 - training loss (MAE): 0.2003, validation MSE: 0.0575
2025-10-15 22:28:16 [INFO]: Epoch 055 - training loss (MAE): 0.2022, validation MSE: 0.0678
2025-10-15 22:28:16 [INFO]: Epoch 056 - training loss (MAE): 0.2035, validation MSE: 0.0638
2025-10-15 22:28:17 [INFO]: Epoch 057 - training loss (MAE): 0.2002, validation MSE: 0.0561
2025-10-15 22:28:18 [INFO]: Epoch 058 - training loss (MAE): 0.1995, validation MSE: 0.0716
2025-10-15 22:28:18 [INFO]: Epoch 059 - training loss (MAE): 0.2035, validation MSE: 0.0637
2025-10-15 22:28:19 [INFO]: Epoch 060 - training loss (MAE): 0.1984, validation MSE: 0.0552
2025-10-15 22:28:19 [INFO]: Epoch 061 - training loss (MAE): 0.1966, validation MSE: 0.0615
2025-10-15 22:28:20 [INFO]: Epoch 062 - training loss (MAE): 0.1936, validation MSE: 0.0571
2025-10-15 22:28:20 [INFO]: Epoch 063 - training loss (MAE): 0.1887, validation MSE: 0.0561
2025-10-15 22:28:21 [INFO]: Epoch 064 - training loss (MAE): 0.1888, validation MSE: 0.0560
2025-10-15 22:28:22 [INFO]: Epoch 065 - training loss (MAE): 0.1875, validation MSE: 0.0589
2025-10-15 22:28:22 [INFO]: Epoch 066 - training loss (MAE): 0.1884, validation MSE: 0.0596
2025-10-15 22:28:23 [INFO]: Epoch 067 - training loss (MAE): 0.1896, validation MSE: 0.0538
2025-10-15 22:28:23 [INFO]: Epoch 068 - training loss (MAE): 0.1904, validation MSE: 0.0577
2025-10-15 22:28:24 [INFO]: Epoch 069 - training loss (MAE): 0.1912, validation MSE: 0.0526
2025-10-15 22:28:24 [INFO]: Epoch 070 - training loss (MAE): 0.1882, validation MSE: 0.0498
2025-10-15 22:28:25 [INFO]: Epoch 071 - training loss (MAE): 0.1954, validation MSE: 0.0601
2025-10-15 22:28:26 [INFO]: Epoch 072 - training loss (MAE): 0.1947, validation MSE: 0.0631
2025-10-15 22:28:26 [INFO]: Epoch 073 - training loss (MAE): 0.1931, validation MSE: 0.0547
2025-10-15 22:28:27 [INFO]: Epoch 074 - training loss (MAE): 0.1867, validation MSE: 0.0549
2025-10-15 22:28:27 [INFO]: Epoch 075 - training loss (MAE): 0.1862, validation MSE: 0.0560
2025-10-15 22:28:28 [INFO]: Epoch 076 - training loss (MAE): 0.1818, validation MSE: 0.0549
2025-10-15 22:28:28 [INFO]: Epoch 077 - training loss (MAE): 0.1851, validation MSE: 0.0506
2025-10-15 22:28:29 [INFO]: Epoch 078 - training loss (MAE): 0.1871, validation MSE: 0.0615
2025-10-15 22:28:30 [INFO]: Epoch 079 - training loss (MAE): 0.1892, validation MSE: 0.0580
2025-10-15 22:28:30 [INFO]: Epoch 080 - training loss (MAE): 0.1869, validation MSE: 0.0554
2025-10-15 22:28:31 [INFO]: Epoch 081 - training loss (MAE): 0.1883, validation MSE: 0.0557
2025-10-15 22:28:31 [INFO]: Epoch 082 - training loss (MAE): 0.1874, validation MSE: 0.0500
2025-10-15 22:28:32 [INFO]: Epoch 083 - training loss (MAE): 0.1797, validation MSE: 0.0518
2025-10-15 22:28:32 [INFO]: Epoch 084 - training loss (MAE): 0.1802, validation MSE: 0.0624
2025-10-15 22:28:33 [INFO]: Epoch 085 - training loss (MAE): 0.1841, validation MSE: 0.0522
2025-10-15 22:28:34 [INFO]: Epoch 086 - training loss (MAE): 0.1897, validation MSE: 0.0671
2025-10-15 22:28:34 [INFO]: Epoch 087 - training loss (MAE): 0.1895, validation MSE: 0.0569
2025-10-15 22:28:35 [INFO]: Epoch 088 - training loss (MAE): 0.1853, validation MSE: 0.0526
2025-10-15 22:28:35 [INFO]: Epoch 089 - training loss (MAE): 0.1761, validation MSE: 0.0548
2025-10-15 22:28:36 [INFO]: Epoch 090 - training loss (MAE): 0.1832, validation MSE: 0.0546
2025-10-15 22:28:37 [INFO]: Epoch 091 - training loss (MAE): 0.1812, validation MSE: 0.0519
2025-10-15 22:28:37 [INFO]: Epoch 092 - training loss (MAE): 0.1763, validation MSE: 0.0543
2025-10-15 22:28:38 [INFO]: Epoch 093 - training loss (MAE): 0.1803, validation MSE: 0.0561
2025-10-15 22:28:38 [INFO]: Epoch 094 - training loss (MAE): 0.1810, validation MSE: 0.0567
2025-10-15 22:28:39 [INFO]: Epoch 095 - training loss (MAE): 0.1806, validation MSE: 0.0544
2025-10-15 22:28:39 [INFO]: Epoch 096 - training loss (MAE): 0.1772, validation MSE: 0.0527
2025-10-15 22:28:40 [INFO]: Epoch 097 - training loss (MAE): 0.1775, validation MSE: 0.0548
2025-10-15 22:28:41 [INFO]: Epoch 098 - training loss (MAE): 0.1774, validation MSE: 0.0556
2025-10-15 22:28:41 [INFO]: Epoch 099 - training loss (MAE): 0.1764, validation MSE: 0.0532
2025-10-15 22:28:42 [INFO]: Epoch 100 - training loss (MAE): 0.1770, validation MSE: 0.0545
2025-10-15 22:28:42 [INFO]: Finished training. The best model is from epoch#70.
[34m
████████╗██╗███╗   ███╗███████╗    ███████╗███████╗██████╗ ██╗███████╗███████╗    █████╗ ██╗
╚══██╔══╝██║████╗ ████║██╔════╝    ██╔════╝██╔════╝██╔══██╗██║██╔════╝██╔════╝   ██╔══██╗██║
   ██║   ██║██╔████╔██║█████╗█████╗███████╗█████╗  ██████╔╝██║█████╗  ███████╗   ███████║██║
   ██║   ██║██║╚██╔╝██║██╔══╝╚════╝╚════██║██╔══╝  ██╔══██╗██║██╔══╝  ╚════██║   ██╔══██║██║
   ██║   ██║██║ ╚═╝ ██║███████╗    ███████║███████╗██║  ██║██║███████╗███████║██╗██║  ██║██║
   ╚═╝   ╚═╝╚═╝     ╚═╝╚══════╝    ╚══════╝╚══════╝╚═╝  ╚═╝╚═╝╚══════╝╚══════╝╚═╝╚═╝  ╚═╝╚═╝
ai4ts v0.0.3 - building AI for unified time-series analysis, https://time-series.ai [0m

[SAITS][val ] {'MAE': 1.1299994908865962, 'RMSE': 2.5398677259708116, 'cov_90': None, 'cov_95': None, 'CRPS': None, 'sharpness': None}
Traceback (most recent call last):
  File "/media/usr/SSD/heeyoon/MASDE/scripts/baseline_run.py", line 74, in <module>
    main()
  File "/media/usr/SSD/heeyoon/MASDE/scripts/baseline_run.py", line 69, in main
    print(f"[{args.baseline.UPPER()}][test]", metrics["test"])  # NOTE: Python format bug, fix below
AttributeError: 'str' object has no attribute 'UPPER'
