2025-10-15 22:28:46 [INFO]: No given device, using default device: cuda
2025-10-15 22:28:46 [WARNING]: ‼️ saving_path not given. Model files and tensorboard file will not be saved.
2025-10-15 22:28:46 [INFO]: Using customized MAE as the training loss function.
2025-10-15 22:28:46 [INFO]: Using customized MSE as the validation metric function.
2025-10-15 22:28:46 [INFO]: BRITS initialized with the given hyperparameters, the number of trainable parameters: 1,381,584
2025-10-15 22:29:17 [INFO]: Epoch 001 - training loss (MAE): 1.0608, validation MSE: 0.1522
2025-10-15 22:29:47 [INFO]: Epoch 002 - training loss (MAE): 0.5074, validation MSE: 0.1177
2025-10-15 22:30:16 [INFO]: Epoch 003 - training loss (MAE): 0.3906, validation MSE: 0.1148
2025-10-15 22:30:46 [INFO]: Epoch 004 - training loss (MAE): 0.3381, validation MSE: 0.1109
2025-10-15 22:31:15 [INFO]: Epoch 005 - training loss (MAE): 0.3106, validation MSE: 0.1137
2025-10-15 22:31:45 [INFO]: Epoch 006 - training loss (MAE): 0.2910, validation MSE: 0.1085
2025-10-15 22:32:14 [INFO]: Epoch 007 - training loss (MAE): 0.2817, validation MSE: 0.1016
2025-10-15 22:32:44 [INFO]: Epoch 008 - training loss (MAE): 0.2730, validation MSE: 0.1032
2025-10-15 22:33:13 [INFO]: Epoch 009 - training loss (MAE): 0.2612, validation MSE: 0.0960
2025-10-15 22:33:43 [INFO]: Epoch 010 - training loss (MAE): 0.2602, validation MSE: 0.1102
2025-10-15 22:34:12 [INFO]: Epoch 011 - training loss (MAE): 0.2554, validation MSE: 0.1009
2025-10-15 22:34:42 [INFO]: Epoch 012 - training loss (MAE): 0.2493, validation MSE: 0.0962
2025-10-15 22:35:11 [INFO]: Epoch 013 - training loss (MAE): 0.2436, validation MSE: 0.0982
2025-10-15 22:35:41 [INFO]: Epoch 014 - training loss (MAE): 0.2340, validation MSE: 0.0895
2025-10-15 22:36:10 [INFO]: Epoch 015 - training loss (MAE): 0.2322, validation MSE: 0.0870
2025-10-15 22:36:40 [INFO]: Epoch 016 - training loss (MAE): 0.2294, validation MSE: 0.0898
2025-10-15 22:37:09 [INFO]: Epoch 017 - training loss (MAE): 0.2293, validation MSE: 0.0883
2025-10-15 22:37:39 [INFO]: Epoch 018 - training loss (MAE): 0.2272, validation MSE: 0.0870
2025-10-15 22:38:08 [INFO]: Epoch 019 - training loss (MAE): 0.2289, validation MSE: 0.0856
2025-10-15 22:38:38 [INFO]: Epoch 020 - training loss (MAE): 0.2173, validation MSE: 0.0897
2025-10-15 22:39:07 [INFO]: Epoch 021 - training loss (MAE): 0.2186, validation MSE: 0.0839
2025-10-15 22:39:37 [INFO]: Epoch 022 - training loss (MAE): 0.2147, validation MSE: 0.0832
2025-10-15 22:40:06 [INFO]: Epoch 023 - training loss (MAE): 0.2115, validation MSE: 0.0812
2025-10-15 22:40:36 [INFO]: Epoch 024 - training loss (MAE): 0.2147, validation MSE: 0.0827
2025-10-15 22:41:05 [INFO]: Epoch 025 - training loss (MAE): 0.2096, validation MSE: 0.0807
2025-10-15 22:41:35 [INFO]: Epoch 026 - training loss (MAE): 0.2129, validation MSE: 0.0856
2025-10-15 22:42:04 [INFO]: Epoch 027 - training loss (MAE): 0.2079, validation MSE: 0.0791
2025-10-15 22:42:34 [INFO]: Epoch 028 - training loss (MAE): 0.2137, validation MSE: 0.0728
2025-10-15 22:43:03 [INFO]: Epoch 029 - training loss (MAE): 0.2089, validation MSE: 0.0858
2025-10-15 22:43:33 [INFO]: Epoch 030 - training loss (MAE): 0.2066, validation MSE: 0.0772
2025-10-15 22:44:02 [INFO]: Epoch 031 - training loss (MAE): 0.2046, validation MSE: 0.0760
2025-10-15 22:44:32 [INFO]: Epoch 032 - training loss (MAE): 0.2022, validation MSE: 0.0747
2025-10-15 22:45:01 [INFO]: Epoch 033 - training loss (MAE): 0.2010, validation MSE: 0.0768
2025-10-15 22:45:31 [INFO]: Epoch 034 - training loss (MAE): 0.2027, validation MSE: 0.0755
2025-10-15 22:46:00 [INFO]: Epoch 035 - training loss (MAE): 0.2001, validation MSE: 0.0731
2025-10-15 22:46:30 [INFO]: Epoch 036 - training loss (MAE): 0.1964, validation MSE: 0.0750
2025-10-15 22:46:59 [INFO]: Epoch 037 - training loss (MAE): 0.2004, validation MSE: 0.0738
2025-10-15 22:47:29 [INFO]: Epoch 038 - training loss (MAE): 0.2014, validation MSE: 0.0741
2025-10-15 22:47:58 [INFO]: Epoch 039 - training loss (MAE): 0.2027, validation MSE: 0.0739
2025-10-15 22:48:28 [INFO]: Epoch 040 - training loss (MAE): 0.1968, validation MSE: 0.0763
2025-10-15 22:48:57 [INFO]: Epoch 041 - training loss (MAE): 0.1929, validation MSE: 0.0771
2025-10-15 22:49:27 [INFO]: Epoch 042 - training loss (MAE): 0.1959, validation MSE: 0.0720
2025-10-15 22:49:56 [INFO]: Epoch 043 - training loss (MAE): 0.1954, validation MSE: 0.0729
2025-10-15 22:50:26 [INFO]: Epoch 044 - training loss (MAE): 0.1954, validation MSE: 0.0748
2025-10-15 22:50:55 [INFO]: Epoch 045 - training loss (MAE): 0.1918, validation MSE: 0.0717
2025-10-15 22:51:25 [INFO]: Epoch 046 - training loss (MAE): 0.1926, validation MSE: 0.0720
2025-10-15 22:51:54 [INFO]: Epoch 047 - training loss (MAE): 0.1903, validation MSE: 0.0706
2025-10-15 22:52:24 [INFO]: Epoch 048 - training loss (MAE): 0.1907, validation MSE: 0.0711
2025-10-15 22:52:53 [INFO]: Epoch 049 - training loss (MAE): 0.1903, validation MSE: 0.0736
2025-10-15 22:53:23 [INFO]: Epoch 050 - training loss (MAE): 0.1896, validation MSE: 0.0707
2025-10-15 22:53:52 [INFO]: Epoch 051 - training loss (MAE): 0.1877, validation MSE: 0.0701
2025-10-15 22:54:22 [INFO]: Epoch 052 - training loss (MAE): 0.1894, validation MSE: 0.0694
2025-10-15 22:54:51 [INFO]: Epoch 053 - training loss (MAE): 0.1905, validation MSE: 0.0719
2025-10-15 22:55:21 [INFO]: Epoch 054 - training loss (MAE): 0.1854, validation MSE: 0.0710
2025-10-15 22:55:50 [INFO]: Epoch 055 - training loss (MAE): 0.1906, validation MSE: 0.0694
2025-10-15 22:56:20 [INFO]: Epoch 056 - training loss (MAE): 0.1912, validation MSE: 0.0695
2025-10-15 22:56:49 [INFO]: Epoch 057 - training loss (MAE): 0.1885, validation MSE: 0.0711
2025-10-15 22:57:19 [INFO]: Epoch 058 - training loss (MAE): 0.1839, validation MSE: 0.0670
2025-10-15 22:57:48 [INFO]: Epoch 059 - training loss (MAE): 0.1893, validation MSE: 0.0683
2025-10-15 22:58:18 [INFO]: Epoch 060 - training loss (MAE): 0.1880, validation MSE: 0.0665
2025-10-15 22:58:47 [INFO]: Epoch 061 - training loss (MAE): 0.1843, validation MSE: 0.0710
2025-10-15 22:59:16 [INFO]: Epoch 062 - training loss (MAE): 0.1852, validation MSE: 0.0669
2025-10-15 22:59:46 [INFO]: Epoch 063 - training loss (MAE): 0.1806, validation MSE: 0.0657
2025-10-15 23:00:15 [INFO]: Epoch 064 - training loss (MAE): 0.1825, validation MSE: 0.0650
2025-10-15 23:00:45 [INFO]: Epoch 065 - training loss (MAE): 0.1841, validation MSE: 0.0657
2025-10-15 23:01:14 [INFO]: Epoch 066 - training loss (MAE): 0.1826, validation MSE: 0.0667
2025-10-15 23:01:44 [INFO]: Epoch 067 - training loss (MAE): 0.1841, validation MSE: 0.0666
2025-10-15 23:02:13 [INFO]: Epoch 068 - training loss (MAE): 0.1836, validation MSE: 0.0695
2025-10-15 23:02:43 [INFO]: Epoch 069 - training loss (MAE): 0.1793, validation MSE: 0.0637
2025-10-15 23:03:12 [INFO]: Epoch 070 - training loss (MAE): 0.1783, validation MSE: 0.0677
2025-10-15 23:03:42 [INFO]: Epoch 071 - training loss (MAE): 0.1778, validation MSE: 0.0669
2025-10-15 23:04:11 [INFO]: Epoch 072 - training loss (MAE): 0.1827, validation MSE: 0.0652
2025-10-15 23:04:41 [INFO]: Epoch 073 - training loss (MAE): 0.1804, validation MSE: 0.0666
2025-10-15 23:05:10 [INFO]: Epoch 074 - training loss (MAE): 0.1780, validation MSE: 0.0662
2025-10-15 23:05:40 [INFO]: Epoch 075 - training loss (MAE): 0.1805, validation MSE: 0.0642
2025-10-15 23:06:09 [INFO]: Epoch 076 - training loss (MAE): 0.1753, validation MSE: 0.0659
2025-10-15 23:06:39 [INFO]: Epoch 077 - training loss (MAE): 0.1807, validation MSE: 0.0645
2025-10-15 23:07:08 [INFO]: Epoch 078 - training loss (MAE): 0.1793, validation MSE: 0.0669
2025-10-15 23:07:38 [INFO]: Epoch 079 - training loss (MAE): 0.1747, validation MSE: 0.0674
2025-10-15 23:08:07 [INFO]: Epoch 080 - training loss (MAE): 0.1763, validation MSE: 0.0639
2025-10-15 23:08:37 [INFO]: Epoch 081 - training loss (MAE): 0.1766, validation MSE: 0.0650
2025-10-15 23:09:06 [INFO]: Epoch 082 - training loss (MAE): 0.1760, validation MSE: 0.0658
2025-10-15 23:09:36 [INFO]: Epoch 083 - training loss (MAE): 0.1739, validation MSE: 0.0640
2025-10-15 23:10:05 [INFO]: Epoch 084 - training loss (MAE): 0.1744, validation MSE: 0.0692
2025-10-15 23:10:35 [INFO]: Epoch 085 - training loss (MAE): 0.1754, validation MSE: 0.0636
2025-10-15 23:11:04 [INFO]: Epoch 086 - training loss (MAE): 0.1762, validation MSE: 0.0658
2025-10-15 23:11:34 [INFO]: Epoch 087 - training loss (MAE): 0.1740, validation MSE: 0.0648
2025-10-15 23:12:03 [INFO]: Epoch 088 - training loss (MAE): 0.1739, validation MSE: 0.0650
2025-10-15 23:12:33 [INFO]: Epoch 089 - training loss (MAE): 0.1720, validation MSE: 0.0618
2025-10-15 23:13:02 [INFO]: Epoch 090 - training loss (MAE): 0.1686, validation MSE: 0.0662
2025-10-15 23:13:32 [INFO]: Epoch 091 - training loss (MAE): 0.1749, validation MSE: 0.0613
2025-10-15 23:14:01 [INFO]: Epoch 092 - training loss (MAE): 0.1712, validation MSE: 0.0650
2025-10-15 23:14:31 [INFO]: Epoch 093 - training loss (MAE): 0.1716, validation MSE: 0.0639
2025-10-15 23:15:00 [INFO]: Epoch 094 - training loss (MAE): 0.1689, validation MSE: 0.0641
2025-10-15 23:15:30 [INFO]: Epoch 095 - training loss (MAE): 0.1725, validation MSE: 0.0661
2025-10-15 23:15:59 [INFO]: Epoch 096 - training loss (MAE): 0.1675, validation MSE: 0.0646
2025-10-15 23:16:28 [INFO]: Epoch 097 - training loss (MAE): 0.1716, validation MSE: 0.0659
2025-10-15 23:16:58 [INFO]: Epoch 098 - training loss (MAE): 0.1722, validation MSE: 0.0631
2025-10-15 23:17:28 [INFO]: Epoch 099 - training loss (MAE): 0.1716, validation MSE: 0.0636
2025-10-15 23:17:57 [INFO]: Epoch 100 - training loss (MAE): 0.1706, validation MSE: 0.0617
2025-10-15 23:17:57 [INFO]: Finished training. The best model is from epoch#91.
[34m
████████╗██╗███╗   ███╗███████╗    ███████╗███████╗██████╗ ██╗███████╗███████╗    █████╗ ██╗
╚══██╔══╝██║████╗ ████║██╔════╝    ██╔════╝██╔════╝██╔══██╗██║██╔════╝██╔════╝   ██╔══██╗██║
   ██║   ██║██╔████╔██║█████╗█████╗███████╗█████╗  ██████╔╝██║█████╗  ███████╗   ███████║██║
   ██║   ██║██║╚██╔╝██║██╔══╝╚════╝╚════██║██╔══╝  ██╔══██╗██║██╔══╝  ╚════██║   ██╔══██║██║
   ██║   ██║██║ ╚═╝ ██║███████╗    ███████║███████╗██║  ██║██║███████╗███████║██╗██║  ██║██║
   ╚═╝   ╚═╝╚═╝     ╚═╝╚══════╝    ╚══════╝╚══════╝╚═╝  ╚═╝╚═╝╚══════╝╚══════╝╚═╝╚═╝  ╚═╝╚═╝
ai4ts v0.0.3 - building AI for unified time-series analysis, https://time-series.ai [0m

[BRITS][val ] {'MAE': 1.6251467344695238, 'RMSE': 2.7459325178350857, 'cov_90': None, 'cov_95': None, 'CRPS': None, 'sharpness': None}
Traceback (most recent call last):
  File "/media/usr/SSD/heeyoon/MASDE/scripts/baseline_run.py", line 74, in <module>
    main()
  File "/media/usr/SSD/heeyoon/MASDE/scripts/baseline_run.py", line 69, in main
    print(f"[{args.baseline.UPPER()}][test]", metrics["test"])  # NOTE: Python format bug, fix below
AttributeError: 'str' object has no attribute 'UPPER'
